Running with Ts=60 and nsteps=10
Finished run with nsteps=10 at Thu Oct  9 08:30:59 PM CEST 2025
Running with Ts=60 and nsteps=20
Finished run with nsteps=20 at Thu Oct  9 08:31:00 PM CEST 2025
Running with Ts=60 and nsteps=10
Finished run with nsteps=10 at Thu Oct  9 08:33:49 PM CEST 2025
Running with Ts=60 and nsteps=20
Finished run with nsteps=20 at Thu Oct  9 08:33:50 PM CEST 2025
Running with Ts=60 and nsteps=10
Finished run with nsteps=10 at Thu Oct  9 09:55:22 PM CEST 2025
Running with Ts=60 and nsteps=20
Finished run with nsteps=20 at Thu Oct  9 10:02:53 PM CEST 2025
Running with Ts=60 and nsteps=30
Finished run with nsteps=30 at Thu Oct  9 10:12:35 PM CEST 2025
Running with Ts=60 and nsteps=40
Terminated
Finished run with nsteps=40 at Thu Oct  9 10:16:19 PM CEST 2025
Running with Ts=60 and nsteps=50
Terminated
Finished run with nsteps=50 at Thu Oct  9 10:16:29 PM CEST 2025
Running with Ts=60 and nsteps=60
Terminated
Finished run with nsteps=60 at Thu Oct  9 10:16:42 PM CEST 2025
Running with Ts=60 and nsteps=70
Terminated
Finished run with nsteps=70 at Thu Oct  9 10:16:49 PM CEST 2025
Running with Ts=60 and nsteps=80
Terminated
Finished run with nsteps=80 at Thu Oct  9 10:16:57 PM CEST 2025
Running with Ts=300 and nsteps=10
Finished run with nsteps=10 at Mon Oct 13 01:17:13 CEST 2025
Running with Ts=300 and nsteps=20
Finished run with nsteps=20 at Mon Oct 13 01:17:29 CEST 2025
Running with Ts=300 and nsteps=30
Finished run with nsteps=30 at Mon Oct 13 01:17:45 CEST 2025
Running with Ts=300 and nsteps=40
Finished run with nsteps=40 at Mon Oct 13 01:18:02 CEST 2025
Running with Ts=300 and nsteps=50
Finished run with nsteps=50 at Mon Oct 13 01:18:20 CEST 2025
Running with Ts=300 and nsteps=60
Finished run with nsteps=60 at Mon Oct 13 01:18:38 CEST 2025
Running with Ts=300 and nsteps=70
Finished run with nsteps=70 at Mon Oct 13 01:18:57 CEST 2025
Running with Ts=300 and nsteps=80
Finished run with nsteps=80 at Mon Oct 13 01:19:16 CEST 2025
Running with Ts=180 and nsteps=10
Finished run with nsteps=10 at Mon Oct 13 01:20:45 CEST 2025
Running with Ts=180 and nsteps=20
Finished run with nsteps=20 at Mon Oct 13 01:21:01 CEST 2025
Running with Ts=180 and nsteps=30
Terminated
Finished run with nsteps=30 at Mon Oct 13 01:21:14 CEST 2025
Running with Ts=180 and nsteps=40
Terminated
Finished run with nsteps=40 at Mon Oct 13 01:21:23 CEST 2025
Running with Ts=180 and nsteps=50
Terminated
Finished run with nsteps=50 at Mon Oct 13 01:21:33 CEST 2025
Running with Ts=180 and nsteps=60
Terminated
Finished run with nsteps=60 at Mon Oct 13 01:21:40 CEST 2025
Running with Ts=180 and nsteps=70
Terminated
Finished run with nsteps=70 at Mon Oct 13 01:21:48 CEST 2025
Running with Ts=180 and nsteps=80
Terminated
Finished run with nsteps=80 at Mon Oct 13 01:22:03 CEST 2025
Running with Ts=180 and nsteps=10
Finished run with nsteps=10 at Mon Oct 13 01:23:30 CEST 2025
Running with Ts=180 and nsteps=20
Terminated
Finished run with nsteps=20 at Mon Oct 13 01:23:40 CEST 2025
Running with Ts=180 and nsteps=30
Terminated
Finished run with nsteps=30 at Mon Oct 13 01:23:53 CEST 2025
Running with Ts=180 and nsteps=40
Terminated
Finished run with nsteps=40 at Mon Oct 13 01:24:04 CEST 2025
Running with Ts=180 and nsteps=50
Terminated
Finished run with nsteps=50 at Mon Oct 13 01:24:13 CEST 2025
Running with Ts=180 and nsteps=60
Terminated
Finished run with nsteps=60 at Mon Oct 13 01:24:20 CEST 2025
Running with Ts=180 and nsteps=70
Terminated
Finished run with nsteps=70 at Mon Oct 13 01:24:29 CEST 2025
Running with Ts=180 and nsteps=80
Terminated
Finished run with nsteps=80 at Mon Oct 13 01:24:36 CEST 2025
Running with Ts=180 and nsteps=10
Finished run with nsteps=10 at Mon Oct 13 01:33:16 CEST 2025
Running with Ts=180 and nsteps=20
Finished run with nsteps=20 at Mon Oct 13 01:42:00 CEST 2025
Running with Ts=180 and nsteps=30
Finished run with nsteps=30 at Mon Oct 13 01:51:47 CEST 2025
Running with Ts=180 and nsteps=40
Finished run with nsteps=40 at Mon Oct 13 02:02:57 CEST 2025
Running with Ts=180 and nsteps=50
Finished run with nsteps=50 at Mon Oct 13 02:15:37 CEST 2025
Running with Ts=180 and nsteps=60
Terminated
Finished run with nsteps=60 at Mon Oct 13 02:23:31 CEST 2025
Running with Ts=180 and nsteps=70
Finished run with nsteps=70 at Mon Oct 13 02:23:39 CEST 2025
Running with Ts=180 and nsteps=80
Terminated
Finished run with nsteps=80 at Mon Oct 13 02:23:46 CEST 2025
./run_training.sh: line 23: unexpected EOF while looking for matching `"'
Running with Ts=180 and nsteps=10
Finished run with nsteps=10 at Wed Oct 15 02:00:36 AM CEST 2025
Running with Ts=180 and nsteps=20
Finished run with nsteps=20 at Wed Oct 15 02:10:30 AM CEST 2025
Running with Ts=180 and nsteps=30
Finished run with nsteps=30 at Wed Oct 15 02:19:55 AM CEST 2025
Running with Ts=180 and nsteps=40
Finished run with nsteps=40 at Wed Oct 15 02:30:13 AM CEST 2025
Running with Ts=180 and nsteps=50
Finished run with nsteps=50 at Wed Oct 15 02:40:03 AM CEST 2025
Running with Ts=180 and nsteps=60
Finished run with nsteps=60 at Wed Oct 15 02:50:03 AM CEST 2025
Running with Ts=180 and nsteps=70
Finished run with nsteps=70 at Wed Oct 15 03:00:15 AM CEST 2025
Running with Ts=180 and nsteps=80
Finished run with nsteps=80 at Wed Oct 15 03:08:33 AM CEST 2025
Running MIMPC with Ts=180, nsteps=20, and M=2
Finished run with nsteps=20 at Wed Oct 29 07:00:17 PM CET 2025
Running MIMPC with Ts=180, nsteps=30, and M=2
Finished run with nsteps=30 at Wed Oct 29 08:40:48 PM CET 2025
Running MIMPC with Ts=180, nsteps=60, and M=2
Terminated
Finished run with nsteps=60 at Thu Oct 30 02:30:50 AM CET 2025
Running MIMPC with Ts=180, nsteps=20, and M=3
Terminated
Finished run with nsteps=20 at Thu Oct 30 02:31:24 AM CET 2025
Running MIMPC with Ts=180, nsteps=30, and M=3
Running MIMPC with Ts=180, nsteps=20, and M=2
Finished run with nsteps=20 at Thu Oct 30 04:13:58 AM CET 2025
Running MIMPC with Ts=180, nsteps=30, and M=2
Finished run with nsteps=30 at Thu Oct 30 05:54:32 AM CET 2025
Running MIMPC with Ts=180, nsteps=60, and M=2
Finished run with nsteps=60 at Thu Oct 30 07:34:57 AM CET 2025
Running MIMPC with Ts=180, nsteps=20, and M=3
Terminated
Finished run with nsteps=20 at Thu Oct 30 07:52:21 AM CET 2025
Running MIMPC with Ts=180, nsteps=30, and M=3
Running MIMPC with Ts=180, nsteps=40, and M=2
Running MIMPC with Ts=180, nsteps=5, and M=2
Finished run with nsteps=5 at Thu Oct 30 09:02:45 AM CET 2025
Running MIMPC with Ts=180, nsteps=10, and M=2
Finished run with nsteps=40 at Thu Oct 30 09:35:00 AM CET 2025
Running MIMPC with Ts=180, nsteps=40, and M=3
Finished run with nsteps=40 at Thu Oct 30 08:39:32 PM CET 2025
./run_simulation.sh: line 34: ===== All runs completed at Thu Oct 30 08:39:32 PM CET 2025 =====: command not found
Terminated
Finished run with nsteps=10 at Fri Oct 31 12:16:57 AM CET 2025
Running MIMPC with Ts=180, nsteps=15, and M=2
Terminated
Finished run with nsteps=15 at Fri Oct 31 12:17:09 AM CET 2025
./run_simulation.sh: line 37: unexpected EOF while looking for matching `"'
