===== Starting runs at Fri Oct 31 08:33:53 PM CET 2025 =====
Running with Ts=180, nsteps=5, and M=2
/home/desktop309/miniconda3/envs/neuromancer/lib/python3.10/site-packages/pydantic/_internal/_generate_schema.py:2249: UnsupportedFieldAttributeWarning: The 'repr' attribute with value False was provided to the `Field()` function, which has no effect in the context it was used. 'repr' is field-specific metadata, and can only be attached to a model field using `Annotated` metadata or by assignment. This may have happened because an `Annotated` type alias using the `type` statement was used, or if the `Field()` function was attached to a single member of a union type.
  warnings.warn(
/home/desktop309/miniconda3/envs/neuromancer/lib/python3.10/site-packages/pydantic/_internal/_generate_schema.py:2249: UnsupportedFieldAttributeWarning: The 'frozen' attribute with value True was provided to the `Field()` function, which has no effect in the context it was used. 'frozen' is field-specific metadata, and can only be attached to a model field using `Annotated` metadata or by assignment. This may have happened because an `Annotated` type alias using the `type` statement was used, or if the `Field()` function was attached to a single member of a union type.
  warnings.warn(
Training MIDPC policy for N=5 at Ts=180
/home/desktop309/miniconda3/envs/neuromancer/lib/python3.10/site-packages/torch/utils/_device.py:103: UserWarning: Using a target size (torch.Size([])) that is different to the input size (torch.Size([10000, 5, 2])). This will likely lead to incorrect results due to broadcasting. Please ensure they have the same size.
  return func(*args, **kwargs)
/home/desktop309/miniconda3/envs/neuromancer/lib/python3.10/site-packages/torch/utils/_device.py:103: UserWarning: Using a target size (torch.Size([])) that is different to the input size (torch.Size([10000, 5, 1])). This will likely lead to incorrect results due to broadcasting. Please ensure they have the same size.
  return func(*args, **kwargs)
/home/desktop309/miniconda3/envs/neuromancer/lib/python3.10/site-packages/torch/utils/_device.py:103: UserWarning: Converting a tensor with requires_grad=True to a scalar may lead to unexpected behavior.
Consider using tensor.detach() first. (Triggered internally at /pytorch/torch/csrc/autograd/generated/python_variable_methods.cpp:835.)
  return func(*args, **kwargs)
epoch: 0  train_loss: 717.431396484375
epoch: 10  train_loss: 259.41339111328125
epoch: 20  train_loss: 213.69949340820312
epoch: 30  train_loss: 201.43600463867188
epoch: 40  train_loss: 191.27536010742188
epoch: 50  train_loss: 188.0628662109375
epoch: 60  train_loss: 187.7294921875
epoch: 70  train_loss: 187.36642456054688
epoch: 80  train_loss: 187.2880096435547
epoch: 90  train_loss: 187.14749145507812
epoch: 100  train_loss: 187.205078125
epoch: 110  train_loss: 186.85269165039062
Saving the trained control policy...
Finished run with nsteps=5 at Fri Oct 31 08:34:32 PM CET 2025
-----------------------------------
Running with Ts=180, nsteps=10, and M=2
/home/desktop309/miniconda3/envs/neuromancer/lib/python3.10/site-packages/pydantic/_internal/_generate_schema.py:2249: UnsupportedFieldAttributeWarning: The 'repr' attribute with value False was provided to the `Field()` function, which has no effect in the context it was used. 'repr' is field-specific metadata, and can only be attached to a model field using `Annotated` metadata or by assignment. This may have happened because an `Annotated` type alias using the `type` statement was used, or if the `Field()` function was attached to a single member of a union type.
  warnings.warn(
/home/desktop309/miniconda3/envs/neuromancer/lib/python3.10/site-packages/pydantic/_internal/_generate_schema.py:2249: UnsupportedFieldAttributeWarning: The 'frozen' attribute with value True was provided to the `Field()` function, which has no effect in the context it was used. 'frozen' is field-specific metadata, and can only be attached to a model field using `Annotated` metadata or by assignment. This may have happened because an `Annotated` type alias using the `type` statement was used, or if the `Field()` function was attached to a single member of a union type.
  warnings.warn(
Training MIDPC policy for N=10 at Ts=180
/home/desktop309/miniconda3/envs/neuromancer/lib/python3.10/site-packages/torch/utils/_device.py:103: UserWarning: Using a target size (torch.Size([])) that is different to the input size (torch.Size([10000, 10, 2])). This will likely lead to incorrect results due to broadcasting. Please ensure they have the same size.
  return func(*args, **kwargs)
/home/desktop309/miniconda3/envs/neuromancer/lib/python3.10/site-packages/torch/utils/_device.py:103: UserWarning: Using a target size (torch.Size([])) that is different to the input size (torch.Size([10000, 10, 1])). This will likely lead to incorrect results due to broadcasting. Please ensure they have the same size.
  return func(*args, **kwargs)
/home/desktop309/miniconda3/envs/neuromancer/lib/python3.10/site-packages/torch/utils/_device.py:103: UserWarning: Converting a tensor with requires_grad=True to a scalar may lead to unexpected behavior.
Consider using tensor.detach() first. (Triggered internally at /pytorch/torch/csrc/autograd/generated/python_variable_methods.cpp:835.)
  return func(*args, **kwargs)
epoch: 0  train_loss: 772.1630859375
epoch: 10  train_loss: 188.93994140625
epoch: 20  train_loss: 169.68264770507812
epoch: 30  train_loss: 161.083740234375
epoch: 40  train_loss: 155.25030517578125
epoch: 50  train_loss: 152.8557891845703
epoch: 60  train_loss: 151.69528198242188
epoch: 70  train_loss: 150.41293334960938
epoch: 80  train_loss: 149.47422790527344
epoch: 90  train_loss: 148.95114135742188
epoch: 100  train_loss: 148.65061950683594
epoch: 110  train_loss: 148.44650268554688
Saving the trained control policy...
Finished run with nsteps=10 at Fri Oct 31 08:35:19 PM CET 2025
-----------------------------------
Running with Ts=180, nsteps=15, and M=2
/home/desktop309/miniconda3/envs/neuromancer/lib/python3.10/site-packages/pydantic/_internal/_generate_schema.py:2249: UnsupportedFieldAttributeWarning: The 'repr' attribute with value False was provided to the `Field()` function, which has no effect in the context it was used. 'repr' is field-specific metadata, and can only be attached to a model field using `Annotated` metadata or by assignment. This may have happened because an `Annotated` type alias using the `type` statement was used, or if the `Field()` function was attached to a single member of a union type.
  warnings.warn(
/home/desktop309/miniconda3/envs/neuromancer/lib/python3.10/site-packages/pydantic/_internal/_generate_schema.py:2249: UnsupportedFieldAttributeWarning: The 'frozen' attribute with value True was provided to the `Field()` function, which has no effect in the context it was used. 'frozen' is field-specific metadata, and can only be attached to a model field using `Annotated` metadata or by assignment. This may have happened because an `Annotated` type alias using the `type` statement was used, or if the `Field()` function was attached to a single member of a union type.
  warnings.warn(
Training MIDPC policy for N=15 at Ts=180
/home/desktop309/miniconda3/envs/neuromancer/lib/python3.10/site-packages/torch/utils/_device.py:103: UserWarning: Using a target size (torch.Size([])) that is different to the input size (torch.Size([10000, 15, 2])). This will likely lead to incorrect results due to broadcasting. Please ensure they have the same size.
  return func(*args, **kwargs)
/home/desktop309/miniconda3/envs/neuromancer/lib/python3.10/site-packages/torch/utils/_device.py:103: UserWarning: Using a target size (torch.Size([])) that is different to the input size (torch.Size([10000, 15, 1])). This will likely lead to incorrect results due to broadcasting. Please ensure they have the same size.
  return func(*args, **kwargs)
/home/desktop309/miniconda3/envs/neuromancer/lib/python3.10/site-packages/torch/utils/_device.py:103: UserWarning: Converting a tensor with requires_grad=True to a scalar may lead to unexpected behavior.
Consider using tensor.detach() first. (Triggered internally at /pytorch/torch/csrc/autograd/generated/python_variable_methods.cpp:835.)
  return func(*args, **kwargs)
epoch: 0  train_loss: 812.0958862304688
epoch: 10  train_loss: 286.92047119140625
epoch: 20  train_loss: 247.52218627929688
epoch: 30  train_loss: 218.28526306152344
epoch: 40  train_loss: 204.12750244140625
epoch: 50  train_loss: 197.3717041015625
epoch: 60  train_loss: 196.78042602539062
epoch: 70  train_loss: 196.26901245117188
epoch: 80  train_loss: 196.01425170898438
epoch: 90  train_loss: 195.10960388183594
epoch: 100  train_loss: 196.74002075195312
epoch: 110  train_loss: 194.71676635742188
Saving the trained control policy...
Finished run with nsteps=15 at Fri Oct 31 08:36:13 PM CET 2025
-----------------------------------
Running with Ts=180, nsteps=20, and M=2
/home/desktop309/miniconda3/envs/neuromancer/lib/python3.10/site-packages/pydantic/_internal/_generate_schema.py:2249: UnsupportedFieldAttributeWarning: The 'repr' attribute with value False was provided to the `Field()` function, which has no effect in the context it was used. 'repr' is field-specific metadata, and can only be attached to a model field using `Annotated` metadata or by assignment. This may have happened because an `Annotated` type alias using the `type` statement was used, or if the `Field()` function was attached to a single member of a union type.
  warnings.warn(
/home/desktop309/miniconda3/envs/neuromancer/lib/python3.10/site-packages/pydantic/_internal/_generate_schema.py:2249: UnsupportedFieldAttributeWarning: The 'frozen' attribute with value True was provided to the `Field()` function, which has no effect in the context it was used. 'frozen' is field-specific metadata, and can only be attached to a model field using `Annotated` metadata or by assignment. This may have happened because an `Annotated` type alias using the `type` statement was used, or if the `Field()` function was attached to a single member of a union type.
  warnings.warn(
Training MIDPC policy for N=20 at Ts=180
/home/desktop309/miniconda3/envs/neuromancer/lib/python3.10/site-packages/torch/utils/_device.py:103: UserWarning: Using a target size (torch.Size([])) that is different to the input size (torch.Size([10000, 20, 2])). This will likely lead to incorrect results due to broadcasting. Please ensure they have the same size.
  return func(*args, **kwargs)
/home/desktop309/miniconda3/envs/neuromancer/lib/python3.10/site-packages/torch/utils/_device.py:103: UserWarning: Using a target size (torch.Size([])) that is different to the input size (torch.Size([10000, 20, 1])). This will likely lead to incorrect results due to broadcasting. Please ensure they have the same size.
  return func(*args, **kwargs)
/home/desktop309/miniconda3/envs/neuromancer/lib/python3.10/site-packages/torch/utils/_device.py:103: UserWarning: Converting a tensor with requires_grad=True to a scalar may lead to unexpected behavior.
Consider using tensor.detach() first. (Triggered internally at /pytorch/torch/csrc/autograd/generated/python_variable_methods.cpp:835.)
  return func(*args, **kwargs)
epoch: 0  train_loss: 888.567138671875
epoch: 10  train_loss: 168.65200805664062
epoch: 20  train_loss: 142.5078582763672
epoch: 30  train_loss: 131.11660766601562
epoch: 40  train_loss: 127.3202133178711
epoch: 50  train_loss: 125.99996185302734
epoch: 60  train_loss: 125.45146179199219
epoch: 70  train_loss: 125.37852478027344
epoch: 80  train_loss: 131.64358520507812
epoch: 90  train_loss: 127.317138671875
epoch: 100  train_loss: 126.80055236816406
epoch: 110  train_loss: 126.43510437011719
Saving the trained control policy...
Finished run with nsteps=20 at Fri Oct 31 08:37:14 PM CET 2025
-----------------------------------
===== All runs completed at Fri Oct 31 08:37:14 PM CET 2025 =====
