===== Starting runs at Fri Oct 31 08:44:50 PM CET 2025 =====
Running with Ts=180, nsteps=5, and M=3
/home/desktop309/miniconda3/envs/neuromancer/lib/python3.10/site-packages/pydantic/_internal/_generate_schema.py:2249: UnsupportedFieldAttributeWarning: The 'repr' attribute with value False was provided to the `Field()` function, which has no effect in the context it was used. 'repr' is field-specific metadata, and can only be attached to a model field using `Annotated` metadata or by assignment. This may have happened because an `Annotated` type alias using the `type` statement was used, or if the `Field()` function was attached to a single member of a union type.
  warnings.warn(
/home/desktop309/miniconda3/envs/neuromancer/lib/python3.10/site-packages/pydantic/_internal/_generate_schema.py:2249: UnsupportedFieldAttributeWarning: The 'frozen' attribute with value True was provided to the `Field()` function, which has no effect in the context it was used. 'frozen' is field-specific metadata, and can only be attached to a model field using `Annotated` metadata or by assignment. This may have happened because an `Annotated` type alias using the `type` statement was used, or if the `Field()` function was attached to a single member of a union type.
  warnings.warn(
Training MIDPC policy for N=5 at Ts=180
/home/desktop309/miniconda3/envs/neuromancer/lib/python3.10/site-packages/torch/utils/_device.py:103: UserWarning: Using a target size (torch.Size([])) that is different to the input size (torch.Size([10000, 5, 3])). This will likely lead to incorrect results due to broadcasting. Please ensure they have the same size.
  return func(*args, **kwargs)
/home/desktop309/miniconda3/envs/neuromancer/lib/python3.10/site-packages/torch/utils/_device.py:103: UserWarning: Using a target size (torch.Size([])) that is different to the input size (torch.Size([10000, 5, 2])). This will likely lead to incorrect results due to broadcasting. Please ensure they have the same size.
  return func(*args, **kwargs)
/home/desktop309/miniconda3/envs/neuromancer/lib/python3.10/site-packages/torch/utils/_device.py:103: UserWarning: Converting a tensor with requires_grad=True to a scalar may lead to unexpected behavior.
Consider using tensor.detach() first. (Triggered internally at /pytorch/torch/csrc/autograd/generated/python_variable_methods.cpp:835.)
  return func(*args, **kwargs)
epoch: 0  train_loss: 1220.428955078125
epoch: 10  train_loss: 477.1392822265625
epoch: 20  train_loss: 385.9940185546875
epoch: 30  train_loss: 374.08026123046875
epoch: 40  train_loss: 358.6081237792969
epoch: 50  train_loss: 355.631591796875
epoch: 60  train_loss: 353.7662353515625
epoch: 70  train_loss: 352.76116943359375
epoch: 80  train_loss: 351.9972839355469
epoch: 90  train_loss: 351.50836181640625
epoch: 100  train_loss: 350.9302978515625
epoch: 110  train_loss: 350.32476806640625
Saving the trained control policy...
Finished run with nsteps=5 at Fri Oct 31 08:45:30 PM CET 2025
-----------------------------------
Running with Ts=180, nsteps=10, and M=3
/home/desktop309/miniconda3/envs/neuromancer/lib/python3.10/site-packages/pydantic/_internal/_generate_schema.py:2249: UnsupportedFieldAttributeWarning: The 'repr' attribute with value False was provided to the `Field()` function, which has no effect in the context it was used. 'repr' is field-specific metadata, and can only be attached to a model field using `Annotated` metadata or by assignment. This may have happened because an `Annotated` type alias using the `type` statement was used, or if the `Field()` function was attached to a single member of a union type.
  warnings.warn(
/home/desktop309/miniconda3/envs/neuromancer/lib/python3.10/site-packages/pydantic/_internal/_generate_schema.py:2249: UnsupportedFieldAttributeWarning: The 'frozen' attribute with value True was provided to the `Field()` function, which has no effect in the context it was used. 'frozen' is field-specific metadata, and can only be attached to a model field using `Annotated` metadata or by assignment. This may have happened because an `Annotated` type alias using the `type` statement was used, or if the `Field()` function was attached to a single member of a union type.
  warnings.warn(
Training MIDPC policy for N=10 at Ts=180
/home/desktop309/miniconda3/envs/neuromancer/lib/python3.10/site-packages/torch/utils/_device.py:103: UserWarning: Using a target size (torch.Size([])) that is different to the input size (torch.Size([10000, 10, 3])). This will likely lead to incorrect results due to broadcasting. Please ensure they have the same size.
  return func(*args, **kwargs)
/home/desktop309/miniconda3/envs/neuromancer/lib/python3.10/site-packages/torch/utils/_device.py:103: UserWarning: Using a target size (torch.Size([])) that is different to the input size (torch.Size([10000, 10, 2])). This will likely lead to incorrect results due to broadcasting. Please ensure they have the same size.
  return func(*args, **kwargs)
/home/desktop309/miniconda3/envs/neuromancer/lib/python3.10/site-packages/torch/utils/_device.py:103: UserWarning: Converting a tensor with requires_grad=True to a scalar may lead to unexpected behavior.
Consider using tensor.detach() first. (Triggered internally at /pytorch/torch/csrc/autograd/generated/python_variable_methods.cpp:835.)
  return func(*args, **kwargs)
epoch: 0  train_loss: 1311.186767578125
epoch: 10  train_loss: 329.447998046875
epoch: 20  train_loss: 299.947998046875
epoch: 30  train_loss: 282.744384765625
epoch: 40  train_loss: 279.3682861328125
epoch: 50  train_loss: 273.2877502441406
epoch: 60  train_loss: 269.99859619140625
epoch: 70  train_loss: 269.4210205078125
epoch: 80  train_loss: 268.2799072265625
epoch: 90  train_loss: 267.0232849121094
epoch: 100  train_loss: 266.2325134277344
epoch: 110  train_loss: 264.875244140625
Saving the trained control policy...
Finished run with nsteps=10 at Fri Oct 31 08:46:18 PM CET 2025
-----------------------------------
Running with Ts=180, nsteps=15, and M=3
/home/desktop309/miniconda3/envs/neuromancer/lib/python3.10/site-packages/pydantic/_internal/_generate_schema.py:2249: UnsupportedFieldAttributeWarning: The 'repr' attribute with value False was provided to the `Field()` function, which has no effect in the context it was used. 'repr' is field-specific metadata, and can only be attached to a model field using `Annotated` metadata or by assignment. This may have happened because an `Annotated` type alias using the `type` statement was used, or if the `Field()` function was attached to a single member of a union type.
  warnings.warn(
/home/desktop309/miniconda3/envs/neuromancer/lib/python3.10/site-packages/pydantic/_internal/_generate_schema.py:2249: UnsupportedFieldAttributeWarning: The 'frozen' attribute with value True was provided to the `Field()` function, which has no effect in the context it was used. 'frozen' is field-specific metadata, and can only be attached to a model field using `Annotated` metadata or by assignment. This may have happened because an `Annotated` type alias using the `type` statement was used, or if the `Field()` function was attached to a single member of a union type.
  warnings.warn(
Training MIDPC policy for N=15 at Ts=180
/home/desktop309/miniconda3/envs/neuromancer/lib/python3.10/site-packages/torch/utils/_device.py:103: UserWarning: Using a target size (torch.Size([])) that is different to the input size (torch.Size([10000, 15, 3])). This will likely lead to incorrect results due to broadcasting. Please ensure they have the same size.
  return func(*args, **kwargs)
/home/desktop309/miniconda3/envs/neuromancer/lib/python3.10/site-packages/torch/utils/_device.py:103: UserWarning: Using a target size (torch.Size([])) that is different to the input size (torch.Size([10000, 15, 2])). This will likely lead to incorrect results due to broadcasting. Please ensure they have the same size.
  return func(*args, **kwargs)
/home/desktop309/miniconda3/envs/neuromancer/lib/python3.10/site-packages/torch/utils/_device.py:103: UserWarning: Converting a tensor with requires_grad=True to a scalar may lead to unexpected behavior.
Consider using tensor.detach() first. (Triggered internally at /pytorch/torch/csrc/autograd/generated/python_variable_methods.cpp:835.)
  return func(*args, **kwargs)
epoch: 0  train_loss: 1380.451416015625
epoch: 10  train_loss: 550.4610595703125
epoch: 20  train_loss: 471.496826171875
epoch: 30  train_loss: 421.52099609375
epoch: 40  train_loss: 394.1171875
epoch: 50  train_loss: 377.54803466796875
epoch: 60  train_loss: 375.643310546875
epoch: 70  train_loss: 370.5089111328125
epoch: 80  train_loss: 369.1920166015625
epoch: 90  train_loss: 366.9375
epoch: 100  train_loss: 364.1838073730469
epoch: 110  train_loss: 363.0857849121094
Saving the trained control policy...
Finished run with nsteps=15 at Fri Oct 31 08:47:13 PM CET 2025
-----------------------------------
Running with Ts=180, nsteps=20, and M=3
/home/desktop309/miniconda3/envs/neuromancer/lib/python3.10/site-packages/pydantic/_internal/_generate_schema.py:2249: UnsupportedFieldAttributeWarning: The 'repr' attribute with value False was provided to the `Field()` function, which has no effect in the context it was used. 'repr' is field-specific metadata, and can only be attached to a model field using `Annotated` metadata or by assignment. This may have happened because an `Annotated` type alias using the `type` statement was used, or if the `Field()` function was attached to a single member of a union type.
  warnings.warn(
/home/desktop309/miniconda3/envs/neuromancer/lib/python3.10/site-packages/pydantic/_internal/_generate_schema.py:2249: UnsupportedFieldAttributeWarning: The 'frozen' attribute with value True was provided to the `Field()` function, which has no effect in the context it was used. 'frozen' is field-specific metadata, and can only be attached to a model field using `Annotated` metadata or by assignment. This may have happened because an `Annotated` type alias using the `type` statement was used, or if the `Field()` function was attached to a single member of a union type.
  warnings.warn(
Training MIDPC policy for N=20 at Ts=180
/home/desktop309/miniconda3/envs/neuromancer/lib/python3.10/site-packages/torch/utils/_device.py:103: UserWarning: Using a target size (torch.Size([])) that is different to the input size (torch.Size([10000, 20, 3])). This will likely lead to incorrect results due to broadcasting. Please ensure they have the same size.
  return func(*args, **kwargs)
/home/desktop309/miniconda3/envs/neuromancer/lib/python3.10/site-packages/torch/utils/_device.py:103: UserWarning: Using a target size (torch.Size([])) that is different to the input size (torch.Size([10000, 20, 2])). This will likely lead to incorrect results due to broadcasting. Please ensure they have the same size.
  return func(*args, **kwargs)
/home/desktop309/miniconda3/envs/neuromancer/lib/python3.10/site-packages/torch/utils/_device.py:103: UserWarning: Converting a tensor with requires_grad=True to a scalar may lead to unexpected behavior.
Consider using tensor.detach() first. (Triggered internally at /pytorch/torch/csrc/autograd/generated/python_variable_methods.cpp:835.)
  return func(*args, **kwargs)
epoch: 0  train_loss: 1457.1346435546875
epoch: 10  train_loss: 288.63922119140625
epoch: 20  train_loss: 251.6976776123047
epoch: 30  train_loss: 223.22959899902344
epoch: 40  train_loss: 206.6490478515625
epoch: 50  train_loss: 202.0123291015625
epoch: 60  train_loss: 203.2686767578125
epoch: 70  train_loss: 199.5589599609375
epoch: 80  train_loss: 199.5576629638672
epoch: 90  train_loss: 202.449462890625
epoch: 100  train_loss: 200.0814208984375
epoch: 110  train_loss: 204.66928100585938
Saving the trained control policy...
Finished run with nsteps=20 at Fri Oct 31 08:48:14 PM CET 2025
-----------------------------------
===== All runs completed at Fri Oct 31 08:48:14 PM CET 2025 =====
