===== Starting runs at Tue Oct 28 10:22:47 PM CET 2025 =====
Running with Ts=180, nsteps=30, and M=2

A module that was compiled using NumPy 1.x cannot be run in
NumPy 2.2.0 as it may crash. To support both 1.x and 2.x
versions of NumPy, modules must be compiled with NumPy 2.0.
Some module may need to rebuild instead e.g. with 'pybind11>=2.12'.

If you are a user of the module, the easiest solution will be to
downgrade to 'numpy<2' or try to upgrade the affected module.
We expect that some modules will need time to support NumPy 2.

Traceback (most recent call last):  File "/home/desktop309/git/chiller_staging/MI-DPC/final_code/MIDPC.py", line 5, in <module>
    from neuromancer.system import Node, SystemPreview
  File "/home/desktop309/git/.venv/lib/python3.11/site-packages/neuromancer/__init__.py", line 10, in <module>
    from neuromancer import dataset
  File "/home/desktop309/git/.venv/lib/python3.11/site-packages/neuromancer/dataset.py", line 7, in <module>
    import pandas as pd
  File "/home/desktop309/git/.venv/lib/python3.11/site-packages/pandas/__init__.py", line 26, in <module>
    from pandas.compat import (
  File "/home/desktop309/git/.venv/lib/python3.11/site-packages/pandas/compat/__init__.py", line 27, in <module>
    from pandas.compat.pyarrow import (
  File "/home/desktop309/git/.venv/lib/python3.11/site-packages/pandas/compat/pyarrow.py", line 8, in <module>
    import pyarrow as pa
  File "/home/desktop309/git/.venv/lib/python3.11/site-packages/pyarrow/__init__.py", line 65, in <module>
    import pyarrow.lib as _lib
AttributeError: _ARRAY_API not found

A module that was compiled using NumPy 1.x cannot be run in
NumPy 2.2.0 as it may crash. To support both 1.x and 2.x
versions of NumPy, modules must be compiled with NumPy 2.0.
Some module may need to rebuild instead e.g. with 'pybind11>=2.12'.

If you are a user of the module, the easiest solution will be to
downgrade to 'numpy<2' or try to upgrade the affected module.
We expect that some modules will need time to support NumPy 2.

Traceback (most recent call last):  File "/home/desktop309/git/chiller_staging/MI-DPC/final_code/MIDPC.py", line 5, in <module>
    from neuromancer.system import Node, SystemPreview
  File "/home/desktop309/git/.venv/lib/python3.11/site-packages/neuromancer/__init__.py", line 10, in <module>
    from neuromancer import dataset
  File "/home/desktop309/git/.venv/lib/python3.11/site-packages/neuromancer/dataset.py", line 7, in <module>
    import pandas as pd
  File "/home/desktop309/git/.venv/lib/python3.11/site-packages/pandas/__init__.py", line 49, in <module>
    from pandas.core.api import (
  File "/home/desktop309/git/.venv/lib/python3.11/site-packages/pandas/core/api.py", line 9, in <module>
    from pandas.core.dtypes.dtypes import (
  File "/home/desktop309/git/.venv/lib/python3.11/site-packages/pandas/core/dtypes/dtypes.py", line 24, in <module>
    from pandas._libs import (
  File "/home/desktop309/git/.venv/lib/python3.11/site-packages/pyarrow/__init__.py", line 65, in <module>
    import pyarrow.lib as _lib
AttributeError: _ARRAY_API not found
None
Training MIDPC policy for N=30, M=2 at Ts=180
Number of parameters: 263205
/home/desktop309/git/.venv/lib/python3.11/site-packages/torch/utils/_device.py:103: UserWarning: Using a target size (torch.Size([])) that is different to the input size (torch.Size([10000, 30, 2])). This will likely lead to incorrect results due to broadcasting. Please ensure they have the same size.
  return func(*args, **kwargs)
/home/desktop309/git/.venv/lib/python3.11/site-packages/torch/utils/_device.py:103: UserWarning: Using a target size (torch.Size([])) that is different to the input size (torch.Size([10000, 30, 1])). This will likely lead to incorrect results due to broadcasting. Please ensure they have the same size.
  return func(*args, **kwargs)
epoch: 0	train_loss: 317.56445	dev_loss: 216.49841	eltime:  2.12323
epoch: 10	train_loss: 54.06137	dev_loss: 55.65487	eltime:  15.18568
epoch: 20	train_loss: 46.87494	dev_loss: 47.26599	eltime:  27.42586
epoch: 30	train_loss: 45.34717	dev_loss: 45.44095	eltime:  38.17853
epoch: 40	train_loss: 43.58659	dev_loss: 44.02016	eltime:  49.63585
epoch: 50	train_loss: 43.53327	dev_loss: 44.20621	eltime:  60.00151
epoch: 60	train_loss: 42.95254	dev_loss: 43.47559	eltime:  70.37158
epoch: 70	train_loss: 42.88599	dev_loss: 42.86017	eltime:  80.03776
epoch: 80	train_loss: 42.91168	dev_loss: 42.82361	eltime:  90.02438
epoch: 90	train_loss: 42.99639	dev_loss: 43.22292	eltime:  99.28623
epoch: 100	train_loss: 43.04741	dev_loss: 42.99723	eltime:  108.54862
epoch: 110	train_loss: 43.60799	dev_loss: 46.29308	eltime:  118.57544
Finished run with nsteps=30 at Tue Oct 28 10:25:08 PM CET 2025
-----------------------------------
Running with Ts=180, nsteps=30, and M=3

A module that was compiled using NumPy 1.x cannot be run in
NumPy 2.2.0 as it may crash. To support both 1.x and 2.x
versions of NumPy, modules must be compiled with NumPy 2.0.
Some module may need to rebuild instead e.g. with 'pybind11>=2.12'.

If you are a user of the module, the easiest solution will be to
downgrade to 'numpy<2' or try to upgrade the affected module.
We expect that some modules will need time to support NumPy 2.

Traceback (most recent call last):  File "/home/desktop309/git/chiller_staging/MI-DPC/final_code/MIDPC.py", line 5, in <module>
    from neuromancer.system import Node, SystemPreview
  File "/home/desktop309/git/.venv/lib/python3.11/site-packages/neuromancer/__init__.py", line 10, in <module>
    from neuromancer import dataset
  File "/home/desktop309/git/.venv/lib/python3.11/site-packages/neuromancer/dataset.py", line 7, in <module>
    import pandas as pd
  File "/home/desktop309/git/.venv/lib/python3.11/site-packages/pandas/__init__.py", line 26, in <module>
    from pandas.compat import (
  File "/home/desktop309/git/.venv/lib/python3.11/site-packages/pandas/compat/__init__.py", line 27, in <module>
    from pandas.compat.pyarrow import (
  File "/home/desktop309/git/.venv/lib/python3.11/site-packages/pandas/compat/pyarrow.py", line 8, in <module>
    import pyarrow as pa
  File "/home/desktop309/git/.venv/lib/python3.11/site-packages/pyarrow/__init__.py", line 65, in <module>
    import pyarrow.lib as _lib
AttributeError: _ARRAY_API not found

A module that was compiled using NumPy 1.x cannot be run in
NumPy 2.2.0 as it may crash. To support both 1.x and 2.x
versions of NumPy, modules must be compiled with NumPy 2.0.
Some module may need to rebuild instead e.g. with 'pybind11>=2.12'.

If you are a user of the module, the easiest solution will be to
downgrade to 'numpy<2' or try to upgrade the affected module.
We expect that some modules will need time to support NumPy 2.

Traceback (most recent call last):  File "/home/desktop309/git/chiller_staging/MI-DPC/final_code/MIDPC.py", line 5, in <module>
    from neuromancer.system import Node, SystemPreview
  File "/home/desktop309/git/.venv/lib/python3.11/site-packages/neuromancer/__init__.py", line 10, in <module>
    from neuromancer import dataset
  File "/home/desktop309/git/.venv/lib/python3.11/site-packages/neuromancer/dataset.py", line 7, in <module>
    import pandas as pd
  File "/home/desktop309/git/.venv/lib/python3.11/site-packages/pandas/__init__.py", line 49, in <module>
    from pandas.core.api import (
  File "/home/desktop309/git/.venv/lib/python3.11/site-packages/pandas/core/api.py", line 9, in <module>
    from pandas.core.dtypes.dtypes import (
  File "/home/desktop309/git/.venv/lib/python3.11/site-packages/pandas/core/dtypes/dtypes.py", line 24, in <module>
    from pandas._libs import (
  File "/home/desktop309/git/.venv/lib/python3.11/site-packages/pyarrow/__init__.py", line 65, in <module>
    import pyarrow.lib as _lib
AttributeError: _ARRAY_API not found
None
Training MIDPC policy for N=30, M=3 at Ts=180
Number of parameters: 264408
/home/desktop309/git/.venv/lib/python3.11/site-packages/torch/utils/_device.py:103: UserWarning: Using a target size (torch.Size([])) that is different to the input size (torch.Size([10000, 30, 3])). This will likely lead to incorrect results due to broadcasting. Please ensure they have the same size.
  return func(*args, **kwargs)
/home/desktop309/git/.venv/lib/python3.11/site-packages/torch/utils/_device.py:103: UserWarning: Using a target size (torch.Size([])) that is different to the input size (torch.Size([10000, 30, 2])). This will likely lead to incorrect results due to broadcasting. Please ensure they have the same size.
  return func(*args, **kwargs)
epoch: 0	train_loss: 419.61005	dev_loss: 297.47516	eltime:  1.92076
epoch: 10	train_loss: 49.13517	dev_loss: 49.26885	eltime:  13.70796
epoch: 20	train_loss: 45.81485	dev_loss: 44.90905	eltime:  25.51994
epoch: 30	train_loss: 43.19722	dev_loss: 42.97403	eltime:  36.58386
epoch: 40	train_loss: 42.14667	dev_loss: 42.25827	eltime:  46.90615
epoch: 50	train_loss: 41.72794	dev_loss: 41.47657	eltime:  57.25865
epoch: 60	train_loss: 41.82659	dev_loss: 40.72169	eltime:  67.23282
epoch: 70	train_loss: 40.86514	dev_loss: 41.54667	eltime:  77.18968
epoch: 80	train_loss: 42.95482	dev_loss: 40.95748	eltime:  86.41940
epoch: 90	train_loss: 40.69327	dev_loss: 41.09614	eltime:  96.16041
epoch: 100	train_loss: 41.24774	dev_loss: 41.41926	eltime:  105.38093
epoch: 110	train_loss: 42.21029	dev_loss: 42.44872	eltime:  114.62014
Finished run with nsteps=30 at Tue Oct 28 10:27:21 PM CET 2025
-----------------------------------
===== All runs completed at Tue Oct 28 10:27:21 PM CET 2025 =====
