===== Starting runs at Mon Oct 27 12:00:50 AM CET 2025 =====
Running with Ts=180, nsteps=20, and M=2

A module that was compiled using NumPy 1.x cannot be run in
NumPy 2.2.0 as it may crash. To support both 1.x and 2.x
versions of NumPy, modules must be compiled with NumPy 2.0.
Some module may need to rebuild instead e.g. with 'pybind11>=2.12'.

If you are a user of the module, the easiest solution will be to
downgrade to 'numpy<2' or try to upgrade the affected module.
We expect that some modules will need time to support NumPy 2.

Traceback (most recent call last):  File "/home/desktop309/git/chiller_staging/MI-DPC/final_code/MIDPC.py", line 5, in <module>
    from neuromancer.system import Node, SystemPreview
  File "/home/desktop309/git/.venv/lib/python3.11/site-packages/neuromancer/__init__.py", line 10, in <module>
    from neuromancer import dataset
  File "/home/desktop309/git/.venv/lib/python3.11/site-packages/neuromancer/dataset.py", line 7, in <module>
    import pandas as pd
  File "/home/desktop309/git/.venv/lib/python3.11/site-packages/pandas/__init__.py", line 26, in <module>
    from pandas.compat import (
  File "/home/desktop309/git/.venv/lib/python3.11/site-packages/pandas/compat/__init__.py", line 27, in <module>
    from pandas.compat.pyarrow import (
  File "/home/desktop309/git/.venv/lib/python3.11/site-packages/pandas/compat/pyarrow.py", line 8, in <module>
    import pyarrow as pa
  File "/home/desktop309/git/.venv/lib/python3.11/site-packages/pyarrow/__init__.py", line 65, in <module>
    import pyarrow.lib as _lib
AttributeError: _ARRAY_API not found

A module that was compiled using NumPy 1.x cannot be run in
NumPy 2.2.0 as it may crash. To support both 1.x and 2.x
versions of NumPy, modules must be compiled with NumPy 2.0.
Some module may need to rebuild instead e.g. with 'pybind11>=2.12'.

If you are a user of the module, the easiest solution will be to
downgrade to 'numpy<2' or try to upgrade the affected module.
We expect that some modules will need time to support NumPy 2.

Traceback (most recent call last):  File "/home/desktop309/git/chiller_staging/MI-DPC/final_code/MIDPC.py", line 5, in <module>
    from neuromancer.system import Node, SystemPreview
  File "/home/desktop309/git/.venv/lib/python3.11/site-packages/neuromancer/__init__.py", line 10, in <module>
    from neuromancer import dataset
  File "/home/desktop309/git/.venv/lib/python3.11/site-packages/neuromancer/dataset.py", line 7, in <module>
    import pandas as pd
  File "/home/desktop309/git/.venv/lib/python3.11/site-packages/pandas/__init__.py", line 49, in <module>
    from pandas.core.api import (
  File "/home/desktop309/git/.venv/lib/python3.11/site-packages/pandas/core/api.py", line 9, in <module>
    from pandas.core.dtypes.dtypes import (
  File "/home/desktop309/git/.venv/lib/python3.11/site-packages/pandas/core/dtypes/dtypes.py", line 24, in <module>
    from pandas._libs import (
  File "/home/desktop309/git/.venv/lib/python3.11/site-packages/pyarrow/__init__.py", line 65, in <module>
    import pyarrow.lib as _lib
AttributeError: _ARRAY_API not found
Training MIDPC policy for N=20 at Ts=180
/home/desktop309/git/.venv/lib/python3.11/site-packages/torch/utils/_device.py:103: UserWarning: Using a target size (torch.Size([])) that is different to the input size (torch.Size([10000, 20, 2])). This will likely lead to incorrect results due to broadcasting. Please ensure they have the same size.
  return func(*args, **kwargs)
/home/desktop309/git/.venv/lib/python3.11/site-packages/torch/utils/_device.py:103: UserWarning: Using a target size (torch.Size([])) that is different to the input size (torch.Size([10000, 20, 1])). This will likely lead to incorrect results due to broadcasting. Please ensure they have the same size.
  return func(*args, **kwargs)
epoch: 0  train_loss: 396.0181579589844
epoch: 10  train_loss: 110.1349105834961
epoch: 20  train_loss: 64.88278198242188
epoch: 30  train_loss: 52.86272430419922
epoch: 40  train_loss: 47.04233932495117
epoch: 50  train_loss: 46.273983001708984
epoch: 60  train_loss: 46.533233642578125
epoch: 70  train_loss: 45.84821701049805
epoch: 80  train_loss: 45.658546447753906
epoch: 90  train_loss: 45.676612854003906
epoch: 100  train_loss: 46.8514404296875
epoch: 110  train_loss: 45.20957565307617
epoch: 120  train_loss: 45.65196990966797
epoch: 130  train_loss: 44.43346405029297
epoch: 140  train_loss: 45.11626434326172
epoch: 150  train_loss: 45.35613250732422
epoch: 160  train_loss: 45.842769622802734
epoch: 170  train_loss: 45.6521110534668
epoch: 180  train_loss: 44.494041442871094
epoch: 190  train_loss: 65.45296478271484
epoch: 200  train_loss: 109.66780853271484
epoch: 210  train_loss: 50.4882926940918
epoch: 220  train_loss: 44.94778060913086
epoch: 230  train_loss: 52.774810791015625
epoch: 240  train_loss: 69.53584289550781
epoch: 250  train_loss: 44.618614196777344
epoch: 260  train_loss: 44.551055908203125
epoch: 270  train_loss: 44.15740966796875
epoch: 280  train_loss: 44.939453125
epoch: 290  train_loss: 45.48539733886719
epoch: 300  train_loss: 44.61614227294922
epoch: 310  train_loss: 44.689353942871094
epoch: 320  train_loss: 46.494239807128906
epoch: 330  train_loss: 55.94538497924805
epoch: 340  train_loss: 49.846248626708984
epoch: 350  train_loss: 53.91289520263672
epoch: 360  train_loss: 45.20719528198242
epoch: 370  train_loss: 51.244239807128906
epoch: 380  train_loss: 55.070369720458984
epoch: 390  train_loss: 47.1345329284668
epoch: 400  train_loss: 89.7667236328125
epoch: 410  train_loss: 55.689964294433594
epoch: 420  train_loss: 47.65708541870117
epoch: 430  train_loss: 47.090293884277344
epoch: 440  train_loss: 46.599395751953125
epoch: 450  train_loss: 46.035926818847656
epoch: 460  train_loss: 51.82518768310547
epoch: 470  train_loss: 45.06254196166992
Early stopping!!!
Finished run with nsteps=20 at Mon Oct 27 12:08:20 AM CET 2025
-----------------------------------
Running with Ts=180, nsteps=40, and M=2

A module that was compiled using NumPy 1.x cannot be run in
NumPy 2.2.0 as it may crash. To support both 1.x and 2.x
versions of NumPy, modules must be compiled with NumPy 2.0.
Some module may need to rebuild instead e.g. with 'pybind11>=2.12'.

If you are a user of the module, the easiest solution will be to
downgrade to 'numpy<2' or try to upgrade the affected module.
We expect that some modules will need time to support NumPy 2.

Traceback (most recent call last):  File "/home/desktop309/git/chiller_staging/MI-DPC/final_code/MIDPC.py", line 5, in <module>
    from neuromancer.system import Node, SystemPreview
  File "/home/desktop309/git/.venv/lib/python3.11/site-packages/neuromancer/__init__.py", line 10, in <module>
    from neuromancer import dataset
  File "/home/desktop309/git/.venv/lib/python3.11/site-packages/neuromancer/dataset.py", line 7, in <module>
    import pandas as pd
  File "/home/desktop309/git/.venv/lib/python3.11/site-packages/pandas/__init__.py", line 26, in <module>
    from pandas.compat import (
  File "/home/desktop309/git/.venv/lib/python3.11/site-packages/pandas/compat/__init__.py", line 27, in <module>
    from pandas.compat.pyarrow import (
  File "/home/desktop309/git/.venv/lib/python3.11/site-packages/pandas/compat/pyarrow.py", line 8, in <module>
    import pyarrow as pa
  File "/home/desktop309/git/.venv/lib/python3.11/site-packages/pyarrow/__init__.py", line 65, in <module>
    import pyarrow.lib as _lib
AttributeError: _ARRAY_API not found

A module that was compiled using NumPy 1.x cannot be run in
NumPy 2.2.0 as it may crash. To support both 1.x and 2.x
versions of NumPy, modules must be compiled with NumPy 2.0.
Some module may need to rebuild instead e.g. with 'pybind11>=2.12'.

If you are a user of the module, the easiest solution will be to
downgrade to 'numpy<2' or try to upgrade the affected module.
We expect that some modules will need time to support NumPy 2.

Traceback (most recent call last):  File "/home/desktop309/git/chiller_staging/MI-DPC/final_code/MIDPC.py", line 5, in <module>
    from neuromancer.system import Node, SystemPreview
  File "/home/desktop309/git/.venv/lib/python3.11/site-packages/neuromancer/__init__.py", line 10, in <module>
    from neuromancer import dataset
  File "/home/desktop309/git/.venv/lib/python3.11/site-packages/neuromancer/dataset.py", line 7, in <module>
    import pandas as pd
  File "/home/desktop309/git/.venv/lib/python3.11/site-packages/pandas/__init__.py", line 49, in <module>
    from pandas.core.api import (
  File "/home/desktop309/git/.venv/lib/python3.11/site-packages/pandas/core/api.py", line 9, in <module>
    from pandas.core.dtypes.dtypes import (
  File "/home/desktop309/git/.venv/lib/python3.11/site-packages/pandas/core/dtypes/dtypes.py", line 24, in <module>
    from pandas._libs import (
  File "/home/desktop309/git/.venv/lib/python3.11/site-packages/pyarrow/__init__.py", line 65, in <module>
    import pyarrow.lib as _lib
AttributeError: _ARRAY_API not found
Training MIDPC policy for N=40 at Ts=180
/home/desktop309/git/.venv/lib/python3.11/site-packages/torch/utils/_device.py:103: UserWarning: Using a target size (torch.Size([])) that is different to the input size (torch.Size([10000, 40, 2])). This will likely lead to incorrect results due to broadcasting. Please ensure they have the same size.
  return func(*args, **kwargs)
/home/desktop309/git/.venv/lib/python3.11/site-packages/torch/utils/_device.py:103: UserWarning: Using a target size (torch.Size([])) that is different to the input size (torch.Size([10000, 40, 1])). This will likely lead to incorrect results due to broadcasting. Please ensure they have the same size.
  return func(*args, **kwargs)
epoch: 0  train_loss: 537.426025390625
epoch: 10  train_loss: 98.53749084472656
epoch: 20  train_loss: 69.21963500976562
epoch: 30  train_loss: 56.54084777832031
epoch: 40  train_loss: 50.59479904174805
epoch: 50  train_loss: 46.9312858581543
epoch: 60  train_loss: 47.32989501953125
epoch: 70  train_loss: 45.819801330566406
epoch: 80  train_loss: 45.11187744140625
epoch: 90  train_loss: 46.09825134277344
epoch: 100  train_loss: 45.23039245605469
epoch: 110  train_loss: 44.84178161621094
epoch: 120  train_loss: 44.72692108154297
epoch: 130  train_loss: 44.62677001953125
epoch: 140  train_loss: 43.95362854003906
epoch: 150  train_loss: 43.946041107177734
epoch: 160  train_loss: 43.75815963745117
epoch: 170  train_loss: 43.97920227050781
epoch: 180  train_loss: 44.187477111816406
epoch: 190  train_loss: 45.46345138549805
epoch: 200  train_loss: 44.462005615234375
epoch: 210  train_loss: 43.72355270385742
epoch: 220  train_loss: 44.176666259765625
epoch: 230  train_loss: 46.375877380371094
epoch: 240  train_loss: 68.25495910644531
epoch: 250  train_loss: 51.15587615966797
epoch: 260  train_loss: 49.57347869873047
epoch: 270  train_loss: 62.97728729248047
epoch: 280  train_loss: 45.826210021972656
epoch: 290  train_loss: 476.0556335449219
epoch: 300  train_loss: 504.3792419433594
epoch: 310  train_loss: 441.76727294921875
epoch: 320  train_loss: 561.6784057617188
epoch: 330  train_loss: 571.5826416015625
epoch: 340  train_loss: 373.35052490234375
epoch: 350  train_loss: 630.3463134765625
epoch: 360  train_loss: 722.96240234375
epoch: 370  train_loss: 110.14450073242188
epoch: 380  train_loss: 46.23514938354492
epoch: 390  train_loss: 47.615352630615234
Early stopping!!!
Finished run with nsteps=40 at Mon Oct 27 12:16:01 AM CET 2025
-----------------------------------
Running with Ts=180, nsteps=60, and M=2

A module that was compiled using NumPy 1.x cannot be run in
NumPy 2.2.0 as it may crash. To support both 1.x and 2.x
versions of NumPy, modules must be compiled with NumPy 2.0.
Some module may need to rebuild instead e.g. with 'pybind11>=2.12'.

If you are a user of the module, the easiest solution will be to
downgrade to 'numpy<2' or try to upgrade the affected module.
We expect that some modules will need time to support NumPy 2.

Traceback (most recent call last):  File "/home/desktop309/git/chiller_staging/MI-DPC/final_code/MIDPC.py", line 5, in <module>
    from neuromancer.system import Node, SystemPreview
  File "/home/desktop309/git/.venv/lib/python3.11/site-packages/neuromancer/__init__.py", line 10, in <module>
    from neuromancer import dataset
  File "/home/desktop309/git/.venv/lib/python3.11/site-packages/neuromancer/dataset.py", line 7, in <module>
    import pandas as pd
  File "/home/desktop309/git/.venv/lib/python3.11/site-packages/pandas/__init__.py", line 26, in <module>
    from pandas.compat import (
  File "/home/desktop309/git/.venv/lib/python3.11/site-packages/pandas/compat/__init__.py", line 27, in <module>
    from pandas.compat.pyarrow import (
  File "/home/desktop309/git/.venv/lib/python3.11/site-packages/pandas/compat/pyarrow.py", line 8, in <module>
    import pyarrow as pa
  File "/home/desktop309/git/.venv/lib/python3.11/site-packages/pyarrow/__init__.py", line 65, in <module>
    import pyarrow.lib as _lib
AttributeError: _ARRAY_API not found

A module that was compiled using NumPy 1.x cannot be run in
NumPy 2.2.0 as it may crash. To support both 1.x and 2.x
versions of NumPy, modules must be compiled with NumPy 2.0.
Some module may need to rebuild instead e.g. with 'pybind11>=2.12'.

If you are a user of the module, the easiest solution will be to
downgrade to 'numpy<2' or try to upgrade the affected module.
We expect that some modules will need time to support NumPy 2.

Traceback (most recent call last):  File "/home/desktop309/git/chiller_staging/MI-DPC/final_code/MIDPC.py", line 5, in <module>
    from neuromancer.system import Node, SystemPreview
  File "/home/desktop309/git/.venv/lib/python3.11/site-packages/neuromancer/__init__.py", line 10, in <module>
    from neuromancer import dataset
  File "/home/desktop309/git/.venv/lib/python3.11/site-packages/neuromancer/dataset.py", line 7, in <module>
    import pandas as pd
  File "/home/desktop309/git/.venv/lib/python3.11/site-packages/pandas/__init__.py", line 49, in <module>
    from pandas.core.api import (
  File "/home/desktop309/git/.venv/lib/python3.11/site-packages/pandas/core/api.py", line 9, in <module>
    from pandas.core.dtypes.dtypes import (
  File "/home/desktop309/git/.venv/lib/python3.11/site-packages/pandas/core/dtypes/dtypes.py", line 24, in <module>
    from pandas._libs import (
  File "/home/desktop309/git/.venv/lib/python3.11/site-packages/pyarrow/__init__.py", line 65, in <module>
    import pyarrow.lib as _lib
AttributeError: _ARRAY_API not found
Training MIDPC policy for N=60 at Ts=180
/home/desktop309/git/.venv/lib/python3.11/site-packages/torch/utils/_device.py:103: UserWarning: Using a target size (torch.Size([])) that is different to the input size (torch.Size([10000, 60, 2])). This will likely lead to incorrect results due to broadcasting. Please ensure they have the same size.
  return func(*args, **kwargs)
/home/desktop309/git/.venv/lib/python3.11/site-packages/torch/utils/_device.py:103: UserWarning: Using a target size (torch.Size([])) that is different to the input size (torch.Size([10000, 60, 1])). This will likely lead to incorrect results due to broadcasting. Please ensure they have the same size.
  return func(*args, **kwargs)
epoch: 0  train_loss: 683.0982666015625
epoch: 10  train_loss: 99.93670654296875
epoch: 20  train_loss: 66.99726867675781
epoch: 30  train_loss: 52.859275817871094
epoch: 40  train_loss: 47.47283172607422
epoch: 50  train_loss: 67.12649536132812
epoch: 60  train_loss: 58.21030807495117
epoch: 70  train_loss: 48.605690002441406
epoch: 80  train_loss: 47.01817321777344
epoch: 90  train_loss: 47.497798919677734
epoch: 100  train_loss: 47.08112716674805
epoch: 110  train_loss: 48.19432067871094
epoch: 120  train_loss: 47.167701721191406
epoch: 130  train_loss: 61.14933776855469
epoch: 140  train_loss: 51.34513473510742
epoch: 150  train_loss: 46.856903076171875
epoch: 160  train_loss: 47.86083221435547
epoch: 170  train_loss: 45.78736114501953
epoch: 180  train_loss: 49.619384765625
epoch: 190  train_loss: 660.7640991210938
epoch: 200  train_loss: 253.10752868652344
epoch: 210  train_loss: 64.90401458740234
epoch: 220  train_loss: 52.8441276550293
epoch: 230  train_loss: 53.41188049316406
epoch: 240  train_loss: 52.12370300292969
epoch: 250  train_loss: 51.39965057373047
epoch: 260  train_loss: 50.65688705444336
epoch: 270  train_loss: 50.46857833862305
epoch: 280  train_loss: 58.0504150390625
epoch: 290  train_loss: 50.48383712768555
epoch: 300  train_loss: 50.26885986328125
epoch: 310  train_loss: 50.22673797607422
epoch: 320  train_loss: 50.146724700927734
epoch: 330  train_loss: 50.01917266845703
epoch: 340  train_loss: 49.85920333862305
epoch: 350  train_loss: 49.77907943725586
epoch: 360  train_loss: 49.714935302734375
epoch: 370  train_loss: 50.52153015136719
Early stopping!!!
Finished run with nsteps=60 at Mon Oct 27 12:24:33 AM CET 2025
-----------------------------------
Running with Ts=180, nsteps=80, and M=2

A module that was compiled using NumPy 1.x cannot be run in
NumPy 2.2.0 as it may crash. To support both 1.x and 2.x
versions of NumPy, modules must be compiled with NumPy 2.0.
Some module may need to rebuild instead e.g. with 'pybind11>=2.12'.

If you are a user of the module, the easiest solution will be to
downgrade to 'numpy<2' or try to upgrade the affected module.
We expect that some modules will need time to support NumPy 2.

Traceback (most recent call last):  File "/home/desktop309/git/chiller_staging/MI-DPC/final_code/MIDPC.py", line 5, in <module>
    from neuromancer.system import Node, SystemPreview
  File "/home/desktop309/git/.venv/lib/python3.11/site-packages/neuromancer/__init__.py", line 10, in <module>
    from neuromancer import dataset
  File "/home/desktop309/git/.venv/lib/python3.11/site-packages/neuromancer/dataset.py", line 7, in <module>
    import pandas as pd
  File "/home/desktop309/git/.venv/lib/python3.11/site-packages/pandas/__init__.py", line 26, in <module>
    from pandas.compat import (
  File "/home/desktop309/git/.venv/lib/python3.11/site-packages/pandas/compat/__init__.py", line 27, in <module>
    from pandas.compat.pyarrow import (
  File "/home/desktop309/git/.venv/lib/python3.11/site-packages/pandas/compat/pyarrow.py", line 8, in <module>
    import pyarrow as pa
  File "/home/desktop309/git/.venv/lib/python3.11/site-packages/pyarrow/__init__.py", line 65, in <module>
    import pyarrow.lib as _lib
AttributeError: _ARRAY_API not found

A module that was compiled using NumPy 1.x cannot be run in
NumPy 2.2.0 as it may crash. To support both 1.x and 2.x
versions of NumPy, modules must be compiled with NumPy 2.0.
Some module may need to rebuild instead e.g. with 'pybind11>=2.12'.

If you are a user of the module, the easiest solution will be to
downgrade to 'numpy<2' or try to upgrade the affected module.
We expect that some modules will need time to support NumPy 2.

Traceback (most recent call last):  File "/home/desktop309/git/chiller_staging/MI-DPC/final_code/MIDPC.py", line 5, in <module>
    from neuromancer.system import Node, SystemPreview
  File "/home/desktop309/git/.venv/lib/python3.11/site-packages/neuromancer/__init__.py", line 10, in <module>
    from neuromancer import dataset
  File "/home/desktop309/git/.venv/lib/python3.11/site-packages/neuromancer/dataset.py", line 7, in <module>
    import pandas as pd
  File "/home/desktop309/git/.venv/lib/python3.11/site-packages/pandas/__init__.py", line 49, in <module>
    from pandas.core.api import (
  File "/home/desktop309/git/.venv/lib/python3.11/site-packages/pandas/core/api.py", line 9, in <module>
    from pandas.core.dtypes.dtypes import (
  File "/home/desktop309/git/.venv/lib/python3.11/site-packages/pandas/core/dtypes/dtypes.py", line 24, in <module>
    from pandas._libs import (
  File "/home/desktop309/git/.venv/lib/python3.11/site-packages/pyarrow/__init__.py", line 65, in <module>
    import pyarrow.lib as _lib
AttributeError: _ARRAY_API not found
Training MIDPC policy for N=80 at Ts=180
/home/desktop309/git/.venv/lib/python3.11/site-packages/torch/utils/_device.py:103: UserWarning: Using a target size (torch.Size([])) that is different to the input size (torch.Size([10000, 80, 2])). This will likely lead to incorrect results due to broadcasting. Please ensure they have the same size.
  return func(*args, **kwargs)
/home/desktop309/git/.venv/lib/python3.11/site-packages/torch/utils/_device.py:103: UserWarning: Using a target size (torch.Size([])) that is different to the input size (torch.Size([10000, 80, 1])). This will likely lead to incorrect results due to broadcasting. Please ensure they have the same size.
  return func(*args, **kwargs)
/home/desktop309/git/.venv/lib/python3.11/site-packages/torch/utils/_device.py:103: UserWarning: Using a target size (torch.Size([])) that is different to the input size (torch.Size([4000, 80, 2])). This will likely lead to incorrect results due to broadcasting. Please ensure they have the same size.
  return func(*args, **kwargs)
/home/desktop309/git/.venv/lib/python3.11/site-packages/torch/utils/_device.py:103: UserWarning: Using a target size (torch.Size([])) that is different to the input size (torch.Size([4000, 80, 1])). This will likely lead to incorrect results due to broadcasting. Please ensure they have the same size.
  return func(*args, **kwargs)
epoch: 0  train_loss: 1028.3458251953125
epoch: 10  train_loss: 196.56121826171875
epoch: 20  train_loss: 91.31438446044922
epoch: 30  train_loss: 80.13744354248047
epoch: 40  train_loss: 75.03440856933594
epoch: 50  train_loss: 72.35591125488281
epoch: 60  train_loss: 70.91304779052734
epoch: 70  train_loss: 70.04624938964844
epoch: 80  train_loss: 69.46926879882812
epoch: 90  train_loss: 69.0533218383789
epoch: 100  train_loss: 68.73554992675781
epoch: 110  train_loss: 68.4794921875
epoch: 120  train_loss: 68.25627136230469
epoch: 130  train_loss: 68.05009460449219
epoch: 140  train_loss: 67.85851287841797
epoch: 150  train_loss: 67.68193817138672
epoch: 160  train_loss: 67.51234436035156
epoch: 170  train_loss: 67.34486389160156
epoch: 180  train_loss: 67.17684936523438
epoch: 190  train_loss: 67.00619506835938
epoch: 200  train_loss: 66.83055114746094
epoch: 210  train_loss: 66.65010070800781
epoch: 220  train_loss: 66.46410369873047
epoch: 230  train_loss: 66.27444458007812
epoch: 240  train_loss: 66.0849380493164
epoch: 250  train_loss: 65.90089416503906
epoch: 260  train_loss: 65.73743438720703
epoch: 270  train_loss: 65.59860229492188
epoch: 280  train_loss: 65.53343200683594
epoch: 290  train_loss: 94.25038146972656
epoch: 300  train_loss: 66.32106018066406
epoch: 310  train_loss: 64.24371337890625
epoch: 320  train_loss: 63.65896224975586
epoch: 330  train_loss: 63.23271942138672
epoch: 340  train_loss: 62.86017608642578
epoch: 350  train_loss: 62.530487060546875
epoch: 360  train_loss: 62.30101776123047
epoch: 370  train_loss: 62.156494140625
epoch: 380  train_loss: 62.02714538574219
epoch: 390  train_loss: 61.89707946777344
epoch: 400  train_loss: 61.76732635498047
epoch: 410  train_loss: 61.63745880126953
epoch: 420  train_loss: 61.50912857055664
epoch: 430  train_loss: 61.381919860839844
epoch: 440  train_loss: 61.2545166015625
epoch: 450  train_loss: 61.12390899658203
epoch: 460  train_loss: 60.98858642578125
epoch: 470  train_loss: 60.846435546875
epoch: 480  train_loss: 60.692649841308594
epoch: 490  train_loss: 60.533329010009766
epoch: 500  train_loss: 60.36595916748047
epoch: 510  train_loss: 60.19019317626953
epoch: 520  train_loss: 60.00538635253906
epoch: 530  train_loss: 59.81241226196289
epoch: 540  train_loss: 59.59839630126953
epoch: 550  train_loss: 59.34998321533203
epoch: 560  train_loss: 59.041011810302734
epoch: 570  train_loss: nan
epoch: 580  train_loss: nan
epoch: 590  train_loss: nan
epoch: 600  train_loss: nan
epoch: 610  train_loss: nan
epoch: 620  train_loss: nan
epoch: 630  train_loss: nan
epoch: 640  train_loss: nan
epoch: 650  train_loss: nan
epoch: 660  train_loss: nan
epoch: 670  train_loss: nan
epoch: 680  train_loss: nan
epoch: 690  train_loss: nan
epoch: 700  train_loss: nan
epoch: 710  train_loss: nan
epoch: 720  train_loss: nan
epoch: 730  train_loss: nan
epoch: 740  train_loss: nan
epoch: 750  train_loss: nan
epoch: 760  train_loss: nan
Early stopping!!!
Finished run with nsteps=80 at Mon Oct 27 12:43:57 AM CET 2025
-----------------------------------
===== All runs completed at Mon Oct 27 12:43:57 AM CET 2025 =====
Running with Ts=180, nsteps=, and M=2

A module that was compiled using NumPy 1.x cannot be run in
NumPy 2.2.0 as it may crash. To support both 1.x and 2.x
versions of NumPy, modules must be compiled with NumPy 2.0.
Some module may need to rebuild instead e.g. with 'pybind11>=2.12'.

If you are a user of the module, the easiest solution will be to
downgrade to 'numpy<2' or try to upgrade the affected module.
We expect that some modules will need time to support NumPy 2.

Traceback (most recent call last):  File "/home/desktop309/git/chiller_staging/MI-DPC/final_code/MIDPC.py", line 5, in <module>
    from neuromancer.system import Node, SystemPreview
  File "/home/desktop309/git/.venv/lib/python3.11/site-packages/neuromancer/__init__.py", line 10, in <module>
    from neuromancer import dataset
  File "/home/desktop309/git/.venv/lib/python3.11/site-packages/neuromancer/dataset.py", line 7, in <module>
    import pandas as pd
  File "/home/desktop309/git/.venv/lib/python3.11/site-packages/pandas/__init__.py", line 26, in <module>
    from pandas.compat import (
  File "/home/desktop309/git/.venv/lib/python3.11/site-packages/pandas/compat/__init__.py", line 27, in <module>
    from pandas.compat.pyarrow import (
  File "/home/desktop309/git/.venv/lib/python3.11/site-packages/pandas/compat/pyarrow.py", line 8, in <module>
    import pyarrow as pa
  File "/home/desktop309/git/.venv/lib/python3.11/site-packages/pyarrow/__init__.py", line 65, in <module>
    import pyarrow.lib as _lib
AttributeError: _ARRAY_API not found

A module that was compiled using NumPy 1.x cannot be run in
NumPy 2.2.0 as it may crash. To support both 1.x and 2.x
versions of NumPy, modules must be compiled with NumPy 2.0.
Some module may need to rebuild instead e.g. with 'pybind11>=2.12'.

If you are a user of the module, the easiest solution will be to
downgrade to 'numpy<2' or try to upgrade the affected module.
We expect that some modules will need time to support NumPy 2.

Traceback (most recent call last):  File "/home/desktop309/git/chiller_staging/MI-DPC/final_code/MIDPC.py", line 5, in <module>
    from neuromancer.system import Node, SystemPreview
  File "/home/desktop309/git/.venv/lib/python3.11/site-packages/neuromancer/__init__.py", line 10, in <module>
    from neuromancer import dataset
  File "/home/desktop309/git/.venv/lib/python3.11/site-packages/neuromancer/dataset.py", line 7, in <module>
    import pandas as pd
  File "/home/desktop309/git/.venv/lib/python3.11/site-packages/pandas/__init__.py", line 49, in <module>
    from pandas.core.api import (
  File "/home/desktop309/git/.venv/lib/python3.11/site-packages/pandas/core/api.py", line 9, in <module>
    from pandas.core.dtypes.dtypes import (
  File "/home/desktop309/git/.venv/lib/python3.11/site-packages/pandas/core/dtypes/dtypes.py", line 24, in <module>
    from pandas._libs import (
  File "/home/desktop309/git/.venv/lib/python3.11/site-packages/pyarrow/__init__.py", line 65, in <module>
    import pyarrow.lib as _lib
AttributeError: _ARRAY_API not found
usage: MIDPC.py [-h] [-nsteps NSTEPS] [-Ts TS] [-M M]
MIDPC.py: error: argument -nsteps: expected one argument
Finished run with nsteps= at Mon Oct 27 09:07:42 PM CET 2025
-----------------------------------
Running with Ts=180, nsteps=, and M=2

A module that was compiled using NumPy 1.x cannot be run in
NumPy 2.2.0 as it may crash. To support both 1.x and 2.x
versions of NumPy, modules must be compiled with NumPy 2.0.
Some module may need to rebuild instead e.g. with 'pybind11>=2.12'.

If you are a user of the module, the easiest solution will be to
downgrade to 'numpy<2' or try to upgrade the affected module.
We expect that some modules will need time to support NumPy 2.

Traceback (most recent call last):  File "/home/desktop309/git/chiller_staging/MI-DPC/final_code/MIDPC.py", line 5, in <module>
    from neuromancer.system import Node, SystemPreview
  File "/home/desktop309/git/.venv/lib/python3.11/site-packages/neuromancer/__init__.py", line 10, in <module>
    from neuromancer import dataset
  File "/home/desktop309/git/.venv/lib/python3.11/site-packages/neuromancer/dataset.py", line 7, in <module>
    import pandas as pd
  File "/home/desktop309/git/.venv/lib/python3.11/site-packages/pandas/__init__.py", line 26, in <module>
    from pandas.compat import (
  File "/home/desktop309/git/.venv/lib/python3.11/site-packages/pandas/compat/__init__.py", line 27, in <module>
    from pandas.compat.pyarrow import (
  File "/home/desktop309/git/.venv/lib/python3.11/site-packages/pandas/compat/pyarrow.py", line 8, in <module>
    import pyarrow as pa
  File "/home/desktop309/git/.venv/lib/python3.11/site-packages/pyarrow/__init__.py", line 65, in <module>
    import pyarrow.lib as _lib
AttributeError: _ARRAY_API not found

A module that was compiled using NumPy 1.x cannot be run in
NumPy 2.2.0 as it may crash. To support both 1.x and 2.x
versions of NumPy, modules must be compiled with NumPy 2.0.
Some module may need to rebuild instead e.g. with 'pybind11>=2.12'.

If you are a user of the module, the easiest solution will be to
downgrade to 'numpy<2' or try to upgrade the affected module.
We expect that some modules will need time to support NumPy 2.

Traceback (most recent call last):  File "/home/desktop309/git/chiller_staging/MI-DPC/final_code/MIDPC.py", line 5, in <module>
    from neuromancer.system import Node, SystemPreview
  File "/home/desktop309/git/.venv/lib/python3.11/site-packages/neuromancer/__init__.py", line 10, in <module>
    from neuromancer import dataset
  File "/home/desktop309/git/.venv/lib/python3.11/site-packages/neuromancer/dataset.py", line 7, in <module>
    import pandas as pd
  File "/home/desktop309/git/.venv/lib/python3.11/site-packages/pandas/__init__.py", line 49, in <module>
    from pandas.core.api import (
  File "/home/desktop309/git/.venv/lib/python3.11/site-packages/pandas/core/api.py", line 9, in <module>
    from pandas.core.dtypes.dtypes import (
  File "/home/desktop309/git/.venv/lib/python3.11/site-packages/pandas/core/dtypes/dtypes.py", line 24, in <module>
    from pandas._libs import (
  File "/home/desktop309/git/.venv/lib/python3.11/site-packages/pyarrow/__init__.py", line 65, in <module>
    import pyarrow.lib as _lib
AttributeError: _ARRAY_API not found
usage: MIDPC.py [-h] [-nsteps NSTEPS] [-Ts TS] [-M M]
MIDPC.py: error: argument -nsteps: expected one argument
Finished run with nsteps= at Mon Oct 27 09:08:21 PM CET 2025
-----------------------------------
Running with Ts=180, nsteps=20, and M=2

A module that was compiled using NumPy 1.x cannot be run in
NumPy 2.2.0 as it may crash. To support both 1.x and 2.x
versions of NumPy, modules must be compiled with NumPy 2.0.
Some module may need to rebuild instead e.g. with 'pybind11>=2.12'.

If you are a user of the module, the easiest solution will be to
downgrade to 'numpy<2' or try to upgrade the affected module.
We expect that some modules will need time to support NumPy 2.

Traceback (most recent call last):  File "/home/desktop309/git/chiller_staging/MI-DPC/final_code/MIDPC.py", line 5, in <module>
    from neuromancer.system import Node, SystemPreview
  File "/home/desktop309/git/.venv/lib/python3.11/site-packages/neuromancer/__init__.py", line 10, in <module>
    from neuromancer import dataset
  File "/home/desktop309/git/.venv/lib/python3.11/site-packages/neuromancer/dataset.py", line 7, in <module>
    import pandas as pd
  File "/home/desktop309/git/.venv/lib/python3.11/site-packages/pandas/__init__.py", line 26, in <module>
    from pandas.compat import (
  File "/home/desktop309/git/.venv/lib/python3.11/site-packages/pandas/compat/__init__.py", line 27, in <module>
    from pandas.compat.pyarrow import (
  File "/home/desktop309/git/.venv/lib/python3.11/site-packages/pandas/compat/pyarrow.py", line 8, in <module>
    import pyarrow as pa
  File "/home/desktop309/git/.venv/lib/python3.11/site-packages/pyarrow/__init__.py", line 65, in <module>
    import pyarrow.lib as _lib
AttributeError: _ARRAY_API not found

A module that was compiled using NumPy 1.x cannot be run in
NumPy 2.2.0 as it may crash. To support both 1.x and 2.x
versions of NumPy, modules must be compiled with NumPy 2.0.
Some module may need to rebuild instead e.g. with 'pybind11>=2.12'.

If you are a user of the module, the easiest solution will be to
downgrade to 'numpy<2' or try to upgrade the affected module.
We expect that some modules will need time to support NumPy 2.

Traceback (most recent call last):  File "/home/desktop309/git/chiller_staging/MI-DPC/final_code/MIDPC.py", line 5, in <module>
    from neuromancer.system import Node, SystemPreview
  File "/home/desktop309/git/.venv/lib/python3.11/site-packages/neuromancer/__init__.py", line 10, in <module>
    from neuromancer import dataset
  File "/home/desktop309/git/.venv/lib/python3.11/site-packages/neuromancer/dataset.py", line 7, in <module>
    import pandas as pd
  File "/home/desktop309/git/.venv/lib/python3.11/site-packages/pandas/__init__.py", line 49, in <module>
    from pandas.core.api import (
  File "/home/desktop309/git/.venv/lib/python3.11/site-packages/pandas/core/api.py", line 9, in <module>
    from pandas.core.dtypes.dtypes import (
  File "/home/desktop309/git/.venv/lib/python3.11/site-packages/pandas/core/dtypes/dtypes.py", line 24, in <module>
    from pandas._libs import (
  File "/home/desktop309/git/.venv/lib/python3.11/site-packages/pyarrow/__init__.py", line 65, in <module>
    import pyarrow.lib as _lib
AttributeError: _ARRAY_API not found
Traceback (most recent call last):
  File "/home/desktop309/git/chiller_staging/MI-DPC/final_code/MIDPC.py", line 254, in <module>
    _, loads_t_1d = utils.generate_datacenter_load(
                    ^^^^^^^^^^^^^^^^^^^^^^^^^^^^^^^
  File "/home/desktop309/git/chiller_staging/MI-DPC/final_code/utils.py", line 131, in generate_datacenter_load
    oda = osc_day_amp * (1 + daily_variation * torch.rand(1).uniform_(-1,1).item())
                                               ^^^^^^^^^^^^^^^^^^^^^^^^^^^^^^^^^^^
KeyboardInterrupt
