===== Starting runs at Mon Oct 27 07:30:53 PM CET 2025 =====
Running with Ts=180, nsteps=20, and M=3

A module that was compiled using NumPy 1.x cannot be run in
NumPy 2.2.0 as it may crash. To support both 1.x and 2.x
versions of NumPy, modules must be compiled with NumPy 2.0.
Some module may need to rebuild instead e.g. with 'pybind11>=2.12'.

If you are a user of the module, the easiest solution will be to
downgrade to 'numpy<2' or try to upgrade the affected module.
We expect that some modules will need time to support NumPy 2.

Traceback (most recent call last):  File "/home/desktop309/git/chiller_staging/MI-DPC/final_code/MIDPC.py", line 5, in <module>
    from neuromancer.system import Node, SystemPreview
  File "/home/desktop309/git/.venv/lib/python3.11/site-packages/neuromancer/__init__.py", line 10, in <module>
    from neuromancer import dataset
  File "/home/desktop309/git/.venv/lib/python3.11/site-packages/neuromancer/dataset.py", line 7, in <module>
    import pandas as pd
  File "/home/desktop309/git/.venv/lib/python3.11/site-packages/pandas/__init__.py", line 26, in <module>
    from pandas.compat import (
  File "/home/desktop309/git/.venv/lib/python3.11/site-packages/pandas/compat/__init__.py", line 27, in <module>
    from pandas.compat.pyarrow import (
  File "/home/desktop309/git/.venv/lib/python3.11/site-packages/pandas/compat/pyarrow.py", line 8, in <module>
    import pyarrow as pa
  File "/home/desktop309/git/.venv/lib/python3.11/site-packages/pyarrow/__init__.py", line 65, in <module>
    import pyarrow.lib as _lib
AttributeError: _ARRAY_API not found

A module that was compiled using NumPy 1.x cannot be run in
NumPy 2.2.0 as it may crash. To support both 1.x and 2.x
versions of NumPy, modules must be compiled with NumPy 2.0.
Some module may need to rebuild instead e.g. with 'pybind11>=2.12'.

If you are a user of the module, the easiest solution will be to
downgrade to 'numpy<2' or try to upgrade the affected module.
We expect that some modules will need time to support NumPy 2.

Traceback (most recent call last):  File "/home/desktop309/git/chiller_staging/MI-DPC/final_code/MIDPC.py", line 5, in <module>
    from neuromancer.system import Node, SystemPreview
  File "/home/desktop309/git/.venv/lib/python3.11/site-packages/neuromancer/__init__.py", line 10, in <module>
    from neuromancer import dataset
  File "/home/desktop309/git/.venv/lib/python3.11/site-packages/neuromancer/dataset.py", line 7, in <module>
    import pandas as pd
  File "/home/desktop309/git/.venv/lib/python3.11/site-packages/pandas/__init__.py", line 49, in <module>
    from pandas.core.api import (
  File "/home/desktop309/git/.venv/lib/python3.11/site-packages/pandas/core/api.py", line 9, in <module>
    from pandas.core.dtypes.dtypes import (
  File "/home/desktop309/git/.venv/lib/python3.11/site-packages/pandas/core/dtypes/dtypes.py", line 24, in <module>
    from pandas._libs import (
  File "/home/desktop309/git/.venv/lib/python3.11/site-packages/pyarrow/__init__.py", line 65, in <module>
    import pyarrow.lib as _lib
AttributeError: _ARRAY_API not found
Training MIDPC policy for N=20 at Ts=180
/home/desktop309/git/.venv/lib/python3.11/site-packages/torch/utils/_device.py:103: UserWarning: Using a target size (torch.Size([])) that is different to the input size (torch.Size([10000, 20, 3])). This will likely lead to incorrect results due to broadcasting. Please ensure they have the same size.
  return func(*args, **kwargs)
/home/desktop309/git/.venv/lib/python3.11/site-packages/torch/utils/_device.py:103: UserWarning: Using a target size (torch.Size([])) that is different to the input size (torch.Size([10000, 20, 2])). This will likely lead to incorrect results due to broadcasting. Please ensure they have the same size.
  return func(*args, **kwargs)
/home/desktop309/git/.venv/lib/python3.11/site-packages/torch/utils/_device.py:103: UserWarning: Using a target size (torch.Size([])) that is different to the input size (torch.Size([4000, 20, 3])). This will likely lead to incorrect results due to broadcasting. Please ensure they have the same size.
  return func(*args, **kwargs)
/home/desktop309/git/.venv/lib/python3.11/site-packages/torch/utils/_device.py:103: UserWarning: Using a target size (torch.Size([])) that is different to the input size (torch.Size([4000, 20, 2])). This will likely lead to incorrect results due to broadcasting. Please ensure they have the same size.
  return func(*args, **kwargs)
epoch: 0  train_loss: 1057.885009765625
epoch: 10  train_loss: 419.19244384765625
epoch: 20  train_loss: 173.52105712890625
epoch: 30  train_loss: 118.09686279296875
epoch: 40  train_loss: 102.03501892089844
epoch: 50  train_loss: 96.09707641601562
epoch: 60  train_loss: 93.99807739257812
epoch: 70  train_loss: 92.30545043945312
epoch: 80  train_loss: 90.73908233642578
epoch: 90  train_loss: 89.24934387207031
epoch: 100  train_loss: 88.23162078857422
epoch: 110  train_loss: 87.87225341796875
epoch: 120  train_loss: 87.8479995727539
epoch: 130  train_loss: 87.5234146118164
epoch: 140  train_loss: 87.24995422363281
epoch: 150  train_loss: 86.62734985351562
epoch: 160  train_loss: 86.37428283691406
epoch: 170  train_loss: 85.41639709472656
epoch: 180  train_loss: 85.21076202392578
epoch: 190  train_loss: 84.63827514648438
epoch: 200  train_loss: 83.85832214355469
epoch: 210  train_loss: 82.95449829101562
epoch: 220  train_loss: 82.2687759399414
epoch: 230  train_loss: 79.54805755615234
epoch: 240  train_loss: 77.85774230957031
epoch: 250  train_loss: 76.09371948242188
epoch: 260  train_loss: 74.35993957519531
epoch: 270  train_loss: 72.61105346679688
epoch: 280  train_loss: 71.16374206542969
epoch: 290  train_loss: 69.43156433105469
epoch: 300  train_loss: 67.90298461914062
epoch: 310  train_loss: 66.78424072265625
epoch: 320  train_loss: 66.00518035888672
epoch: 330  train_loss: 65.42028045654297
epoch: 340  train_loss: 65.00726318359375
epoch: 350  train_loss: 64.63932037353516
epoch: 360  train_loss: 64.32296752929688
epoch: 370  train_loss: 64.00567626953125
epoch: 380  train_loss: 63.693748474121094
epoch: 390  train_loss: 63.39189910888672
epoch: 400  train_loss: 63.087772369384766
epoch: 410  train_loss: 62.8121223449707
epoch: 420  train_loss: 62.536407470703125
epoch: 430  train_loss: 62.26802062988281
epoch: 440  train_loss: 62.01744842529297
epoch: 450  train_loss: 61.74139404296875
epoch: 460  train_loss: 61.49553298950195
epoch: 470  train_loss: 61.239723205566406
epoch: 480  train_loss: 61.001487731933594
epoch: 490  train_loss: 60.75808334350586
epoch: 500  train_loss: 60.49785614013672
epoch: 510  train_loss: 60.26875686645508
epoch: 520  train_loss: 60.018882751464844
epoch: 530  train_loss: 59.80044174194336
epoch: 540  train_loss: 59.58477020263672
epoch: 550  train_loss: 59.373008728027344
epoch: 560  train_loss: 59.190345764160156
epoch: 570  train_loss: 59.05451202392578
epoch: 580  train_loss: 58.92515563964844
epoch: 590  train_loss: 59.06072998046875
epoch: 600  train_loss: 58.59383010864258
epoch: 610  train_loss: 58.39106750488281
epoch: 620  train_loss: 58.286766052246094
epoch: 630  train_loss: 58.20569610595703
epoch: 640  train_loss: 58.10457229614258
epoch: 650  train_loss: 58.01008224487305
epoch: 660  train_loss: 57.92582702636719
epoch: 670  train_loss: 57.85899353027344
epoch: 680  train_loss: 57.79307556152344
epoch: 690  train_loss: 58.0606689453125
epoch: 700  train_loss: 57.758419036865234
epoch: 710  train_loss: 57.703285217285156
epoch: 720  train_loss: 57.71815490722656
epoch: 730  train_loss: 57.51917266845703
epoch: 740  train_loss: 57.47018051147461
epoch: 750  train_loss: 57.348548889160156
epoch: 760  train_loss: 57.312278747558594
epoch: 770  train_loss: 57.14849090576172
epoch: 780  train_loss: 56.982913970947266
epoch: 790  train_loss: 56.87237548828125
epoch: 800  train_loss: 56.720638275146484
epoch: 810  train_loss: 56.65454864501953
epoch: 820  train_loss: 56.511253356933594
epoch: 830  train_loss: 56.29087829589844
epoch: 840  train_loss: 56.05463409423828
epoch: 850  train_loss: 55.8453483581543
epoch: 860  train_loss: 55.61831283569336
epoch: 870  train_loss: 55.38697814941406
epoch: 880  train_loss: 55.16007614135742
epoch: 890  train_loss: 54.91118621826172
epoch: 900  train_loss: 54.686912536621094
epoch: 910  train_loss: 54.386505126953125
epoch: 920  train_loss: 54.16547775268555
epoch: 930  train_loss: 53.902427673339844
epoch: 940  train_loss: 53.5897216796875
epoch: 950  train_loss: 53.331260681152344
epoch: 960  train_loss: 53.09406280517578
epoch: 970  train_loss: 53.05328369140625
epoch: 980  train_loss: 52.54443359375
epoch: 990  train_loss: 52.32830810546875
Finished run with nsteps=20 at Mon Oct 27 07:48:50 PM CET 2025
-----------------------------------
Running with Ts=180, nsteps=40, and M=3

A module that was compiled using NumPy 1.x cannot be run in
NumPy 2.2.0 as it may crash. To support both 1.x and 2.x
versions of NumPy, modules must be compiled with NumPy 2.0.
Some module may need to rebuild instead e.g. with 'pybind11>=2.12'.

If you are a user of the module, the easiest solution will be to
downgrade to 'numpy<2' or try to upgrade the affected module.
We expect that some modules will need time to support NumPy 2.

Traceback (most recent call last):  File "/home/desktop309/git/chiller_staging/MI-DPC/final_code/MIDPC.py", line 5, in <module>
    from neuromancer.system import Node, SystemPreview
  File "/home/desktop309/git/.venv/lib/python3.11/site-packages/neuromancer/__init__.py", line 10, in <module>
    from neuromancer import dataset
  File "/home/desktop309/git/.venv/lib/python3.11/site-packages/neuromancer/dataset.py", line 7, in <module>
    import pandas as pd
  File "/home/desktop309/git/.venv/lib/python3.11/site-packages/pandas/__init__.py", line 26, in <module>
    from pandas.compat import (
  File "/home/desktop309/git/.venv/lib/python3.11/site-packages/pandas/compat/__init__.py", line 27, in <module>
    from pandas.compat.pyarrow import (
  File "/home/desktop309/git/.venv/lib/python3.11/site-packages/pandas/compat/pyarrow.py", line 8, in <module>
    import pyarrow as pa
  File "/home/desktop309/git/.venv/lib/python3.11/site-packages/pyarrow/__init__.py", line 65, in <module>
    import pyarrow.lib as _lib
AttributeError: _ARRAY_API not found

A module that was compiled using NumPy 1.x cannot be run in
NumPy 2.2.0 as it may crash. To support both 1.x and 2.x
versions of NumPy, modules must be compiled with NumPy 2.0.
Some module may need to rebuild instead e.g. with 'pybind11>=2.12'.

If you are a user of the module, the easiest solution will be to
downgrade to 'numpy<2' or try to upgrade the affected module.
We expect that some modules will need time to support NumPy 2.

Traceback (most recent call last):  File "/home/desktop309/git/chiller_staging/MI-DPC/final_code/MIDPC.py", line 5, in <module>
    from neuromancer.system import Node, SystemPreview
  File "/home/desktop309/git/.venv/lib/python3.11/site-packages/neuromancer/__init__.py", line 10, in <module>
    from neuromancer import dataset
  File "/home/desktop309/git/.venv/lib/python3.11/site-packages/neuromancer/dataset.py", line 7, in <module>
    import pandas as pd
  File "/home/desktop309/git/.venv/lib/python3.11/site-packages/pandas/__init__.py", line 49, in <module>
    from pandas.core.api import (
  File "/home/desktop309/git/.venv/lib/python3.11/site-packages/pandas/core/api.py", line 9, in <module>
    from pandas.core.dtypes.dtypes import (
  File "/home/desktop309/git/.venv/lib/python3.11/site-packages/pandas/core/dtypes/dtypes.py", line 24, in <module>
    from pandas._libs import (
  File "/home/desktop309/git/.venv/lib/python3.11/site-packages/pyarrow/__init__.py", line 65, in <module>
    import pyarrow.lib as _lib
AttributeError: _ARRAY_API not found
Training MIDPC policy for N=40 at Ts=180
/home/desktop309/git/.venv/lib/python3.11/site-packages/torch/utils/_device.py:103: UserWarning: Using a target size (torch.Size([])) that is different to the input size (torch.Size([10000, 40, 3])). This will likely lead to incorrect results due to broadcasting. Please ensure they have the same size.
  return func(*args, **kwargs)
/home/desktop309/git/.venv/lib/python3.11/site-packages/torch/utils/_device.py:103: UserWarning: Using a target size (torch.Size([])) that is different to the input size (torch.Size([10000, 40, 2])). This will likely lead to incorrect results due to broadcasting. Please ensure they have the same size.
  return func(*args, **kwargs)
/home/desktop309/git/.venv/lib/python3.11/site-packages/torch/utils/_device.py:103: UserWarning: Using a target size (torch.Size([])) that is different to the input size (torch.Size([4000, 40, 3])). This will likely lead to incorrect results due to broadcasting. Please ensure they have the same size.
  return func(*args, **kwargs)
/home/desktop309/git/.venv/lib/python3.11/site-packages/torch/utils/_device.py:103: UserWarning: Using a target size (torch.Size([])) that is different to the input size (torch.Size([4000, 40, 2])). This will likely lead to incorrect results due to broadcasting. Please ensure they have the same size.
  return func(*args, **kwargs)
epoch: 0  train_loss: 1196.68359375
epoch: 10  train_loss: 264.25469970703125
epoch: 20  train_loss: 145.883544921875
epoch: 30  train_loss: 104.65731811523438
epoch: 40  train_loss: 90.33798217773438
epoch: 50  train_loss: 85.31007385253906
epoch: 60  train_loss: 83.1063003540039
epoch: 70  train_loss: 81.66168212890625
epoch: 80  train_loss: 80.63922119140625
epoch: 90  train_loss: 79.78913116455078
epoch: 100  train_loss: 78.96658325195312
epoch: 110  train_loss: 78.23796844482422
epoch: 120  train_loss: 77.59725952148438
epoch: 130  train_loss: 77.03011322021484
epoch: 140  train_loss: 76.49234771728516
epoch: 150  train_loss: 76.01069641113281
epoch: 160  train_loss: 75.5614013671875
epoch: 170  train_loss: 75.13653564453125
epoch: 180  train_loss: 74.73246002197266
epoch: 190  train_loss: 74.30310821533203
epoch: 200  train_loss: 73.86775970458984
epoch: 210  train_loss: 73.39469909667969
epoch: 220  train_loss: 73.16043090820312
epoch: 230  train_loss: 72.95217895507812
epoch: 240  train_loss: 72.60890197753906
epoch: 250  train_loss: 73.09222412109375
epoch: 260  train_loss: 71.9638671875
epoch: 270  train_loss: 71.46955871582031
epoch: 280  train_loss: 71.1758804321289
epoch: 290  train_loss: 70.809326171875
epoch: 300  train_loss: 70.4951400756836
epoch: 310  train_loss: 69.97773742675781
epoch: 320  train_loss: 69.56634521484375
epoch: 330  train_loss: 69.25865936279297
epoch: 340  train_loss: 68.72177124023438
epoch: 350  train_loss: 68.33089447021484
epoch: 360  train_loss: 67.82791137695312
epoch: 370  train_loss: 67.34986877441406
epoch: 380  train_loss: 66.84195709228516
epoch: 390  train_loss: 66.23002624511719
epoch: 400  train_loss: 65.58271789550781
epoch: 410  train_loss: 64.95213317871094
epoch: 420  train_loss: 64.28620910644531
epoch: 430  train_loss: 63.67774963378906
epoch: 440  train_loss: 63.17583465576172
epoch: 450  train_loss: 62.706336975097656
epoch: 460  train_loss: 62.22406768798828
epoch: 470  train_loss: 61.80469512939453
epoch: 480  train_loss: 60.99890899658203
epoch: 490  train_loss: 60.47468566894531
epoch: 500  train_loss: 60.129661560058594
epoch: 510  train_loss: 59.77655792236328
epoch: 520  train_loss: 59.13691711425781
epoch: 530  train_loss: 58.942161560058594
epoch: 540  train_loss: 58.537841796875
epoch: 550  train_loss: 58.214717864990234
epoch: 560  train_loss: 57.95956802368164
epoch: 570  train_loss: 57.744895935058594
epoch: 580  train_loss: 57.50810623168945
epoch: 590  train_loss: 57.32560348510742
epoch: 600  train_loss: 57.205604553222656
epoch: 610  train_loss: 56.83399200439453
epoch: 620  train_loss: 56.76848220825195
epoch: 630  train_loss: 56.6596565246582
epoch: 640  train_loss: 56.30297088623047
epoch: 650  train_loss: 56.20646667480469
epoch: 660  train_loss: 56.173744201660156
epoch: 670  train_loss: 55.86377716064453
epoch: 680  train_loss: 55.841148376464844
epoch: 690  train_loss: 55.63610076904297
epoch: 700  train_loss: 55.49879455566406
epoch: 710  train_loss: 55.50493621826172
epoch: 720  train_loss: 55.317596435546875
epoch: 730  train_loss: 55.185935974121094
epoch: 740  train_loss: 55.0480842590332
epoch: 750  train_loss: 54.943115234375
epoch: 760  train_loss: 54.95684051513672
epoch: 770  train_loss: 54.879852294921875
epoch: 780  train_loss: 54.69818878173828
epoch: 790  train_loss: 54.56133270263672
epoch: 800  train_loss: 54.46546173095703
epoch: 810  train_loss: 54.46775817871094
epoch: 820  train_loss: 54.45719528198242
epoch: 830  train_loss: 54.176517486572266
epoch: 840  train_loss: 54.086490631103516
epoch: 850  train_loss: 53.99997329711914
epoch: 860  train_loss: 53.962093353271484
epoch: 870  train_loss: 53.97282409667969
epoch: 880  train_loss: 53.92082977294922
epoch: 890  train_loss: 53.827232360839844
epoch: 900  train_loss: 53.63248062133789
epoch: 910  train_loss: 53.531776428222656
epoch: 920  train_loss: 53.54921340942383
epoch: 930  train_loss: 53.438148498535156
epoch: 940  train_loss: 53.384918212890625
epoch: 950  train_loss: 53.422611236572266
epoch: 960  train_loss: 53.41762924194336
epoch: 970  train_loss: 53.44731140136719
epoch: 980  train_loss: 53.367042541503906
epoch: 990  train_loss: 53.351722717285156
Finished run with nsteps=40 at Mon Oct 27 08:08:05 PM CET 2025
-----------------------------------
Running with Ts=180, nsteps=60, and M=3

A module that was compiled using NumPy 1.x cannot be run in
NumPy 2.2.0 as it may crash. To support both 1.x and 2.x
versions of NumPy, modules must be compiled with NumPy 2.0.
Some module may need to rebuild instead e.g. with 'pybind11>=2.12'.

If you are a user of the module, the easiest solution will be to
downgrade to 'numpy<2' or try to upgrade the affected module.
We expect that some modules will need time to support NumPy 2.

Traceback (most recent call last):  File "/home/desktop309/git/chiller_staging/MI-DPC/final_code/MIDPC.py", line 5, in <module>
    from neuromancer.system import Node, SystemPreview
  File "/home/desktop309/git/.venv/lib/python3.11/site-packages/neuromancer/__init__.py", line 10, in <module>
    from neuromancer import dataset
  File "/home/desktop309/git/.venv/lib/python3.11/site-packages/neuromancer/dataset.py", line 7, in <module>
    import pandas as pd
  File "/home/desktop309/git/.venv/lib/python3.11/site-packages/pandas/__init__.py", line 26, in <module>
    from pandas.compat import (
  File "/home/desktop309/git/.venv/lib/python3.11/site-packages/pandas/compat/__init__.py", line 27, in <module>
    from pandas.compat.pyarrow import (
  File "/home/desktop309/git/.venv/lib/python3.11/site-packages/pandas/compat/pyarrow.py", line 8, in <module>
    import pyarrow as pa
  File "/home/desktop309/git/.venv/lib/python3.11/site-packages/pyarrow/__init__.py", line 65, in <module>
    import pyarrow.lib as _lib
AttributeError: _ARRAY_API not found

A module that was compiled using NumPy 1.x cannot be run in
NumPy 2.2.0 as it may crash. To support both 1.x and 2.x
versions of NumPy, modules must be compiled with NumPy 2.0.
Some module may need to rebuild instead e.g. with 'pybind11>=2.12'.

If you are a user of the module, the easiest solution will be to
downgrade to 'numpy<2' or try to upgrade the affected module.
We expect that some modules will need time to support NumPy 2.

Traceback (most recent call last):  File "/home/desktop309/git/chiller_staging/MI-DPC/final_code/MIDPC.py", line 5, in <module>
    from neuromancer.system import Node, SystemPreview
  File "/home/desktop309/git/.venv/lib/python3.11/site-packages/neuromancer/__init__.py", line 10, in <module>
    from neuromancer import dataset
  File "/home/desktop309/git/.venv/lib/python3.11/site-packages/neuromancer/dataset.py", line 7, in <module>
    import pandas as pd
  File "/home/desktop309/git/.venv/lib/python3.11/site-packages/pandas/__init__.py", line 49, in <module>
    from pandas.core.api import (
  File "/home/desktop309/git/.venv/lib/python3.11/site-packages/pandas/core/api.py", line 9, in <module>
    from pandas.core.dtypes.dtypes import (
  File "/home/desktop309/git/.venv/lib/python3.11/site-packages/pandas/core/dtypes/dtypes.py", line 24, in <module>
    from pandas._libs import (
  File "/home/desktop309/git/.venv/lib/python3.11/site-packages/pyarrow/__init__.py", line 65, in <module>
    import pyarrow.lib as _lib
AttributeError: _ARRAY_API not found
Training MIDPC policy for N=60 at Ts=180
/home/desktop309/git/.venv/lib/python3.11/site-packages/torch/utils/_device.py:103: UserWarning: Using a target size (torch.Size([])) that is different to the input size (torch.Size([10000, 60, 3])). This will likely lead to incorrect results due to broadcasting. Please ensure they have the same size.
  return func(*args, **kwargs)
/home/desktop309/git/.venv/lib/python3.11/site-packages/torch/utils/_device.py:103: UserWarning: Using a target size (torch.Size([])) that is different to the input size (torch.Size([10000, 60, 2])). This will likely lead to incorrect results due to broadcasting. Please ensure they have the same size.
  return func(*args, **kwargs)
/home/desktop309/git/.venv/lib/python3.11/site-packages/torch/utils/_device.py:103: UserWarning: Using a target size (torch.Size([])) that is different to the input size (torch.Size([4000, 60, 3])). This will likely lead to incorrect results due to broadcasting. Please ensure they have the same size.
  return func(*args, **kwargs)
/home/desktop309/git/.venv/lib/python3.11/site-packages/torch/utils/_device.py:103: UserWarning: Using a target size (torch.Size([])) that is different to the input size (torch.Size([4000, 60, 2])). This will likely lead to incorrect results due to broadcasting. Please ensure they have the same size.
  return func(*args, **kwargs)
epoch: 0  train_loss: 1525.398681640625
epoch: 10  train_loss: 287.47454833984375
epoch: 20  train_loss: 139.0811004638672
epoch: 30  train_loss: 98.83375549316406
epoch: 40  train_loss: 87.06761932373047
epoch: 50  train_loss: 80.84613037109375
epoch: 60  train_loss: 77.63433837890625
epoch: 70  train_loss: 76.07257080078125
epoch: 80  train_loss: 75.16909790039062
epoch: 90  train_loss: 74.51519012451172
epoch: 100  train_loss: 73.99678039550781
epoch: 110  train_loss: 73.53421020507812
epoch: 120  train_loss: 73.09248352050781
epoch: 130  train_loss: 72.66542053222656
epoch: 140  train_loss: 72.26628112792969
epoch: 150  train_loss: 71.89544677734375
epoch: 160  train_loss: 71.54931640625
epoch: 170  train_loss: 71.22120666503906
epoch: 180  train_loss: 70.9052963256836
epoch: 190  train_loss: 70.62511444091797
epoch: 200  train_loss: 70.33700561523438
epoch: 210  train_loss: 70.06782531738281
epoch: 220  train_loss: 69.82783508300781
epoch: 230  train_loss: 69.6932373046875
epoch: 240  train_loss: 71.35746765136719
epoch: 250  train_loss: 70.07875061035156
epoch: 260  train_loss: 68.81646728515625
epoch: 270  train_loss: 68.44369506835938
epoch: 280  train_loss: 68.18260192871094
epoch: 290  train_loss: 69.43196105957031
epoch: 300  train_loss: 67.5357894897461
epoch: 310  train_loss: 67.06044006347656
epoch: 320  train_loss: 67.60220336914062
epoch: 330  train_loss: 66.91191101074219
epoch: 340  train_loss: 67.62130737304688
epoch: 350  train_loss: 66.10941314697266
epoch: 360  train_loss: 65.55780029296875
epoch: 370  train_loss: 65.41799926757812
epoch: 380  train_loss: 65.22674560546875
epoch: 390  train_loss: 64.7686538696289
epoch: 400  train_loss: 64.48110961914062
epoch: 410  train_loss: 64.15971374511719
epoch: 420  train_loss: 63.89052200317383
epoch: 430  train_loss: 63.57345199584961
epoch: 440  train_loss: 63.44318389892578
epoch: 450  train_loss: 63.02336120605469
epoch: 460  train_loss: 63.01641082763672
epoch: 470  train_loss: 62.469825744628906
epoch: 480  train_loss: 62.32244873046875
epoch: 490  train_loss: 62.30661392211914
epoch: 500  train_loss: 61.83888244628906
epoch: 510  train_loss: 61.556819915771484
epoch: 520  train_loss: 61.38239669799805
epoch: 530  train_loss: 61.85407257080078
epoch: 540  train_loss: 61.010459899902344
epoch: 550  train_loss: 60.824615478515625
epoch: 560  train_loss: 60.571800231933594
epoch: 570  train_loss: 60.44249725341797
epoch: 580  train_loss: 60.313690185546875
epoch: 590  train_loss: 60.140098571777344
epoch: 600  train_loss: 59.92995834350586
epoch: 610  train_loss: 59.89573669433594
epoch: 620  train_loss: 59.73965835571289
epoch: 630  train_loss: 59.43061828613281
epoch: 640  train_loss: 59.31103515625
epoch: 650  train_loss: 59.117244720458984
epoch: 660  train_loss: 58.95549774169922
epoch: 670  train_loss: 58.700218200683594
epoch: 680  train_loss: 58.634883880615234
epoch: 690  train_loss: 58.184852600097656
epoch: 700  train_loss: 57.988670349121094
epoch: 710  train_loss: 57.326786041259766
epoch: 720  train_loss: 56.69145584106445
epoch: 730  train_loss: 55.92613983154297
epoch: 740  train_loss: 55.535194396972656
epoch: 750  train_loss: 54.91999816894531
epoch: 760  train_loss: 54.508201599121094
epoch: 770  train_loss: 54.24281311035156
epoch: 780  train_loss: 54.052520751953125
epoch: 790  train_loss: 53.95774841308594
epoch: 800  train_loss: 53.793636322021484
epoch: 810  train_loss: 53.67054748535156
epoch: 820  train_loss: 53.56953430175781
epoch: 830  train_loss: 53.4530143737793
epoch: 840  train_loss: 53.33443069458008
epoch: 850  train_loss: 53.223876953125
epoch: 860  train_loss: 53.10728454589844
epoch: 870  train_loss: 52.999046325683594
epoch: 880  train_loss: 52.89713668823242
epoch: 890  train_loss: 52.819068908691406
epoch: 900  train_loss: 52.732818603515625
epoch: 910  train_loss: 52.63100814819336
epoch: 920  train_loss: 52.5247802734375
epoch: 930  train_loss: 52.42934799194336
epoch: 940  train_loss: 52.338768005371094
epoch: 950  train_loss: 52.203147888183594
epoch: 960  train_loss: 52.11817932128906
epoch: 970  train_loss: 52.060516357421875
epoch: 980  train_loss: 52.02210235595703
epoch: 990  train_loss: 52.33130645751953
Finished run with nsteps=60 at Mon Oct 27 08:30:44 PM CET 2025
-----------------------------------
Running with Ts=180, nsteps=80, and M=3

A module that was compiled using NumPy 1.x cannot be run in
NumPy 2.2.0 as it may crash. To support both 1.x and 2.x
versions of NumPy, modules must be compiled with NumPy 2.0.
Some module may need to rebuild instead e.g. with 'pybind11>=2.12'.

If you are a user of the module, the easiest solution will be to
downgrade to 'numpy<2' or try to upgrade the affected module.
We expect that some modules will need time to support NumPy 2.

Traceback (most recent call last):  File "/home/desktop309/git/chiller_staging/MI-DPC/final_code/MIDPC.py", line 5, in <module>
    from neuromancer.system import Node, SystemPreview
  File "/home/desktop309/git/.venv/lib/python3.11/site-packages/neuromancer/__init__.py", line 10, in <module>
    from neuromancer import dataset
  File "/home/desktop309/git/.venv/lib/python3.11/site-packages/neuromancer/dataset.py", line 7, in <module>
    import pandas as pd
  File "/home/desktop309/git/.venv/lib/python3.11/site-packages/pandas/__init__.py", line 26, in <module>
    from pandas.compat import (
  File "/home/desktop309/git/.venv/lib/python3.11/site-packages/pandas/compat/__init__.py", line 27, in <module>
    from pandas.compat.pyarrow import (
  File "/home/desktop309/git/.venv/lib/python3.11/site-packages/pandas/compat/pyarrow.py", line 8, in <module>
    import pyarrow as pa
  File "/home/desktop309/git/.venv/lib/python3.11/site-packages/pyarrow/__init__.py", line 65, in <module>
    import pyarrow.lib as _lib
AttributeError: _ARRAY_API not found

A module that was compiled using NumPy 1.x cannot be run in
NumPy 2.2.0 as it may crash. To support both 1.x and 2.x
versions of NumPy, modules must be compiled with NumPy 2.0.
Some module may need to rebuild instead e.g. with 'pybind11>=2.12'.

If you are a user of the module, the easiest solution will be to
downgrade to 'numpy<2' or try to upgrade the affected module.
We expect that some modules will need time to support NumPy 2.

Traceback (most recent call last):  File "/home/desktop309/git/chiller_staging/MI-DPC/final_code/MIDPC.py", line 5, in <module>
    from neuromancer.system import Node, SystemPreview
  File "/home/desktop309/git/.venv/lib/python3.11/site-packages/neuromancer/__init__.py", line 10, in <module>
    from neuromancer import dataset
  File "/home/desktop309/git/.venv/lib/python3.11/site-packages/neuromancer/dataset.py", line 7, in <module>
    import pandas as pd
  File "/home/desktop309/git/.venv/lib/python3.11/site-packages/pandas/__init__.py", line 49, in <module>
    from pandas.core.api import (
  File "/home/desktop309/git/.venv/lib/python3.11/site-packages/pandas/core/api.py", line 9, in <module>
    from pandas.core.dtypes.dtypes import (
  File "/home/desktop309/git/.venv/lib/python3.11/site-packages/pandas/core/dtypes/dtypes.py", line 24, in <module>
    from pandas._libs import (
  File "/home/desktop309/git/.venv/lib/python3.11/site-packages/pyarrow/__init__.py", line 65, in <module>
    import pyarrow.lib as _lib
AttributeError: _ARRAY_API not found
Training MIDPC policy for N=80 at Ts=180
/home/desktop309/git/.venv/lib/python3.11/site-packages/torch/utils/_device.py:103: UserWarning: Using a target size (torch.Size([])) that is different to the input size (torch.Size([10000, 80, 3])). This will likely lead to incorrect results due to broadcasting. Please ensure they have the same size.
  return func(*args, **kwargs)
/home/desktop309/git/.venv/lib/python3.11/site-packages/torch/utils/_device.py:103: UserWarning: Using a target size (torch.Size([])) that is different to the input size (torch.Size([10000, 80, 2])). This will likely lead to incorrect results due to broadcasting. Please ensure they have the same size.
  return func(*args, **kwargs)
/home/desktop309/git/.venv/lib/python3.11/site-packages/torch/utils/_device.py:103: UserWarning: Using a target size (torch.Size([])) that is different to the input size (torch.Size([4000, 80, 3])). This will likely lead to incorrect results due to broadcasting. Please ensure they have the same size.
  return func(*args, **kwargs)
/home/desktop309/git/.venv/lib/python3.11/site-packages/torch/utils/_device.py:103: UserWarning: Using a target size (torch.Size([])) that is different to the input size (torch.Size([4000, 80, 2])). This will likely lead to incorrect results due to broadcasting. Please ensure they have the same size.
  return func(*args, **kwargs)
epoch: 0  train_loss: 1362.036376953125
epoch: 10  train_loss: 280.3664855957031
epoch: 20  train_loss: 127.37653350830078
epoch: 30  train_loss: 100.05943298339844
epoch: 40  train_loss: 86.59776306152344
epoch: 50  train_loss: 80.45787811279297
epoch: 60  train_loss: 77.415771484375
epoch: 70  train_loss: 75.53569030761719
epoch: 80  train_loss: 74.31597900390625
epoch: 90  train_loss: 73.45193481445312
epoch: 100  train_loss: 72.76629638671875
epoch: 110  train_loss: 72.14884948730469
epoch: 120  train_loss: 71.58686828613281
epoch: 130  train_loss: 71.08807373046875
epoch: 140  train_loss: 70.60862731933594
epoch: 150  train_loss: 70.17245483398438
epoch: 160  train_loss: 69.74938201904297
epoch: 170  train_loss: 69.32949829101562
epoch: 180  train_loss: 68.90416717529297
epoch: 190  train_loss: 68.46376037597656
epoch: 200  train_loss: 68.02389526367188
epoch: 210  train_loss: 67.64966583251953
epoch: 220  train_loss: 67.28669738769531
epoch: 230  train_loss: 66.93673706054688
epoch: 240  train_loss: 66.57620239257812
epoch: 250  train_loss: 66.28997802734375
epoch: 260  train_loss: 65.95126342773438
epoch: 270  train_loss: 65.62806701660156
epoch: 280  train_loss: 65.27470397949219
epoch: 290  train_loss: 64.9212417602539
epoch: 300  train_loss: 64.39793395996094
epoch: 310  train_loss: 64.07275390625
epoch: 320  train_loss: 63.82404327392578
epoch: 330  train_loss: 63.56001663208008
epoch: 340  train_loss: 63.455631256103516
epoch: 350  train_loss: 63.305755615234375
epoch: 360  train_loss: 63.072265625
epoch: 370  train_loss: 62.910987854003906
epoch: 380  train_loss: 62.94921875
epoch: 390  train_loss: 62.62882614135742
epoch: 400  train_loss: 62.54571533203125
epoch: 410  train_loss: 62.592002868652344
epoch: 420  train_loss: 62.315826416015625
epoch: 430  train_loss: 62.06499099731445
epoch: 440  train_loss: 61.985862731933594
epoch: 450  train_loss: 61.490299224853516
epoch: 460  train_loss: 61.31975173950195
epoch: 470  train_loss: 61.020484924316406
epoch: 480  train_loss: 61.01045227050781
epoch: 490  train_loss: 60.607330322265625
epoch: 500  train_loss: 60.6343994140625
epoch: 510  train_loss: 60.418495178222656
epoch: 520  train_loss: 60.202667236328125
epoch: 530  train_loss: 60.54616165161133
epoch: 540  train_loss: 60.040748596191406
epoch: 550  train_loss: 59.502445220947266
epoch: 560  train_loss: 59.78443145751953
epoch: 570  train_loss: 59.45502471923828
epoch: 580  train_loss: 201.50384521484375
epoch: 590  train_loss: 127.75269317626953
epoch: 600  train_loss: 71.43354034423828
epoch: 610  train_loss: 68.55612182617188
epoch: 620  train_loss: 66.78207397460938
epoch: 630  train_loss: 65.98150634765625
epoch: 640  train_loss: 65.3002700805664
epoch: 650  train_loss: 64.82247924804688
epoch: 660  train_loss: 64.40798950195312
epoch: 670  train_loss: 64.02764892578125
epoch: 680  train_loss: 63.679813385009766
epoch: 690  train_loss: 63.358055114746094
epoch: 700  train_loss: 63.05009460449219
epoch: 710  train_loss: 62.76398468017578
epoch: 720  train_loss: 62.48015594482422
epoch: 730  train_loss: 62.19410705566406
epoch: 740  train_loss: 61.91801452636719
epoch: 750  train_loss: 61.64666748046875
epoch: 760  train_loss: 61.37104034423828
epoch: 770  train_loss: 61.08465576171875
Early stopping!!!
Finished run with nsteps=80 at Mon Oct 27 08:48:43 PM CET 2025
-----------------------------------
===== All runs completed at Mon Oct 27 08:48:43 PM CET 2025 =====
Running with Ts=180, nsteps=, and M=3

A module that was compiled using NumPy 1.x cannot be run in
NumPy 2.2.0 as it may crash. To support both 1.x and 2.x
versions of NumPy, modules must be compiled with NumPy 2.0.
Some module may need to rebuild instead e.g. with 'pybind11>=2.12'.

If you are a user of the module, the easiest solution will be to
downgrade to 'numpy<2' or try to upgrade the affected module.
We expect that some modules will need time to support NumPy 2.

Traceback (most recent call last):  File "/home/desktop309/git/chiller_staging/MI-DPC/final_code/MIDPC.py", line 5, in <module>
    from neuromancer.system import Node, SystemPreview
  File "/home/desktop309/git/.venv/lib/python3.11/site-packages/neuromancer/__init__.py", line 10, in <module>
    from neuromancer import dataset
  File "/home/desktop309/git/.venv/lib/python3.11/site-packages/neuromancer/dataset.py", line 7, in <module>
    import pandas as pd
  File "/home/desktop309/git/.venv/lib/python3.11/site-packages/pandas/__init__.py", line 26, in <module>
    from pandas.compat import (
  File "/home/desktop309/git/.venv/lib/python3.11/site-packages/pandas/compat/__init__.py", line 27, in <module>
    from pandas.compat.pyarrow import (
  File "/home/desktop309/git/.venv/lib/python3.11/site-packages/pandas/compat/pyarrow.py", line 8, in <module>
    import pyarrow as pa
  File "/home/desktop309/git/.venv/lib/python3.11/site-packages/pyarrow/__init__.py", line 65, in <module>
    import pyarrow.lib as _lib
AttributeError: _ARRAY_API not found

A module that was compiled using NumPy 1.x cannot be run in
NumPy 2.2.0 as it may crash. To support both 1.x and 2.x
versions of NumPy, modules must be compiled with NumPy 2.0.
Some module may need to rebuild instead e.g. with 'pybind11>=2.12'.

If you are a user of the module, the easiest solution will be to
downgrade to 'numpy<2' or try to upgrade the affected module.
We expect that some modules will need time to support NumPy 2.

Traceback (most recent call last):  File "/home/desktop309/git/chiller_staging/MI-DPC/final_code/MIDPC.py", line 5, in <module>
    from neuromancer.system import Node, SystemPreview
  File "/home/desktop309/git/.venv/lib/python3.11/site-packages/neuromancer/__init__.py", line 10, in <module>
    from neuromancer import dataset
  File "/home/desktop309/git/.venv/lib/python3.11/site-packages/neuromancer/dataset.py", line 7, in <module>
    import pandas as pd
  File "/home/desktop309/git/.venv/lib/python3.11/site-packages/pandas/__init__.py", line 49, in <module>
    from pandas.core.api import (
  File "/home/desktop309/git/.venv/lib/python3.11/site-packages/pandas/core/api.py", line 9, in <module>
    from pandas.core.dtypes.dtypes import (
  File "/home/desktop309/git/.venv/lib/python3.11/site-packages/pandas/core/dtypes/dtypes.py", line 24, in <module>
    from pandas._libs import (
  File "/home/desktop309/git/.venv/lib/python3.11/site-packages/pyarrow/__init__.py", line 65, in <module>
    import pyarrow.lib as _lib
AttributeError: _ARRAY_API not found
usage: MIDPC.py [-h] [-nsteps NSTEPS] [-Ts TS] [-M M]
MIDPC.py: error: argument -nsteps: expected one argument
Finished run with nsteps= at Mon Oct 27 09:07:45 PM CET 2025
-----------------------------------
===== All runs completed at Mon Oct 27 09:07:45 PM CET 2025 =====
Running with Ts=180, nsteps=, and M=3

A module that was compiled using NumPy 1.x cannot be run in
NumPy 2.2.0 as it may crash. To support both 1.x and 2.x
versions of NumPy, modules must be compiled with NumPy 2.0.
Some module may need to rebuild instead e.g. with 'pybind11>=2.12'.

If you are a user of the module, the easiest solution will be to
downgrade to 'numpy<2' or try to upgrade the affected module.
We expect that some modules will need time to support NumPy 2.

Traceback (most recent call last):  File "/home/desktop309/git/chiller_staging/MI-DPC/final_code/MIDPC.py", line 5, in <module>
    from neuromancer.system import Node, SystemPreview
  File "/home/desktop309/git/.venv/lib/python3.11/site-packages/neuromancer/__init__.py", line 10, in <module>
    from neuromancer import dataset
  File "/home/desktop309/git/.venv/lib/python3.11/site-packages/neuromancer/dataset.py", line 7, in <module>
    import pandas as pd
  File "/home/desktop309/git/.venv/lib/python3.11/site-packages/pandas/__init__.py", line 26, in <module>
    from pandas.compat import (
  File "/home/desktop309/git/.venv/lib/python3.11/site-packages/pandas/compat/__init__.py", line 27, in <module>
    from pandas.compat.pyarrow import (
  File "/home/desktop309/git/.venv/lib/python3.11/site-packages/pandas/compat/pyarrow.py", line 8, in <module>
    import pyarrow as pa
  File "/home/desktop309/git/.venv/lib/python3.11/site-packages/pyarrow/__init__.py", line 65, in <module>
    import pyarrow.lib as _lib
AttributeError: _ARRAY_API not found

A module that was compiled using NumPy 1.x cannot be run in
NumPy 2.2.0 as it may crash. To support both 1.x and 2.x
versions of NumPy, modules must be compiled with NumPy 2.0.
Some module may need to rebuild instead e.g. with 'pybind11>=2.12'.

If you are a user of the module, the easiest solution will be to
downgrade to 'numpy<2' or try to upgrade the affected module.
We expect that some modules will need time to support NumPy 2.

Traceback (most recent call last):  File "/home/desktop309/git/chiller_staging/MI-DPC/final_code/MIDPC.py", line 5, in <module>
    from neuromancer.system import Node, SystemPreview
  File "/home/desktop309/git/.venv/lib/python3.11/site-packages/neuromancer/__init__.py", line 10, in <module>
    from neuromancer import dataset
  File "/home/desktop309/git/.venv/lib/python3.11/site-packages/neuromancer/dataset.py", line 7, in <module>
    import pandas as pd
  File "/home/desktop309/git/.venv/lib/python3.11/site-packages/pandas/__init__.py", line 49, in <module>
    from pandas.core.api import (
  File "/home/desktop309/git/.venv/lib/python3.11/site-packages/pandas/core/api.py", line 9, in <module>
    from pandas.core.dtypes.dtypes import (
  File "/home/desktop309/git/.venv/lib/python3.11/site-packages/pandas/core/dtypes/dtypes.py", line 24, in <module>
    from pandas._libs import (
  File "/home/desktop309/git/.venv/lib/python3.11/site-packages/pyarrow/__init__.py", line 65, in <module>
    import pyarrow.lib as _lib
AttributeError: _ARRAY_API not found
usage: MIDPC.py [-h] [-nsteps NSTEPS] [-Ts TS] [-M M]
MIDPC.py: error: argument -nsteps: expected one argument
Finished run with nsteps= at Mon Oct 27 09:08:23 PM CET 2025
-----------------------------------
===== All runs completed at Mon Oct 27 09:08:23 PM CET 2025 =====
