===== Starting runs at Tue Oct 28 11:46:00 PM CET 2025 =====
Running MIMPC with Ts=180, nsteps=20, and M=2

A module that was compiled using NumPy 1.x cannot be run in
NumPy 2.2.0 as it may crash. To support both 1.x and 2.x
versions of NumPy, modules must be compiled with NumPy 2.0.
Some module may need to rebuild instead e.g. with 'pybind11>=2.12'.

If you are a user of the module, the easiest solution will be to
downgrade to 'numpy<2' or try to upgrade the affected module.
We expect that some modules will need time to support NumPy 2.

Traceback (most recent call last):  File "/home/desktop309/git/chiller_staging/MI-DPC/final_code/simulate_chiller.py", line 4, in <module>
    from neuromancer.dynamics import integrators
  File "/home/desktop309/git/.venv/lib/python3.11/site-packages/neuromancer/__init__.py", line 10, in <module>
    from neuromancer import dataset
  File "/home/desktop309/git/.venv/lib/python3.11/site-packages/neuromancer/dataset.py", line 7, in <module>
    import pandas as pd
  File "/home/desktop309/git/.venv/lib/python3.11/site-packages/pandas/__init__.py", line 26, in <module>
    from pandas.compat import (
  File "/home/desktop309/git/.venv/lib/python3.11/site-packages/pandas/compat/__init__.py", line 27, in <module>
    from pandas.compat.pyarrow import (
  File "/home/desktop309/git/.venv/lib/python3.11/site-packages/pandas/compat/pyarrow.py", line 8, in <module>
    import pyarrow as pa
  File "/home/desktop309/git/.venv/lib/python3.11/site-packages/pyarrow/__init__.py", line 65, in <module>
    import pyarrow.lib as _lib
AttributeError: _ARRAY_API not found

A module that was compiled using NumPy 1.x cannot be run in
NumPy 2.2.0 as it may crash. To support both 1.x and 2.x
versions of NumPy, modules must be compiled with NumPy 2.0.
Some module may need to rebuild instead e.g. with 'pybind11>=2.12'.

If you are a user of the module, the easiest solution will be to
downgrade to 'numpy<2' or try to upgrade the affected module.
We expect that some modules will need time to support NumPy 2.

Traceback (most recent call last):  File "/home/desktop309/git/chiller_staging/MI-DPC/final_code/simulate_chiller.py", line 4, in <module>
    from neuromancer.dynamics import integrators
  File "/home/desktop309/git/.venv/lib/python3.11/site-packages/neuromancer/__init__.py", line 10, in <module>
    from neuromancer import dataset
  File "/home/desktop309/git/.venv/lib/python3.11/site-packages/neuromancer/dataset.py", line 7, in <module>
    import pandas as pd
  File "/home/desktop309/git/.venv/lib/python3.11/site-packages/pandas/__init__.py", line 49, in <module>
    from pandas.core.api import (
  File "/home/desktop309/git/.venv/lib/python3.11/site-packages/pandas/core/api.py", line 9, in <module>
    from pandas.core.dtypes.dtypes import (
  File "/home/desktop309/git/.venv/lib/python3.11/site-packages/pandas/core/dtypes/dtypes.py", line 24, in <module>
    from pandas._libs import (
  File "/home/desktop309/git/.venv/lib/python3.11/site-packages/pyarrow/__init__.py", line 65, in <module>
    import pyarrow.lib as _lib
AttributeError: _ARRAY_API not found
Simulating chiller with MIMPC, N=20, M=2
Timestep:  0
WARNING (W1001): Setting Var 'integer[0,2]' to a value `0.5` (float) not in
domain Binary.
    See also https://pyomo.readthedocs.io/en/stable/errors.html#w1001
WARNING (W1001): Setting Var 'integer[1,2]' to a value `0.5` (float) not in
domain Binary.
    See also https://pyomo.readthedocs.io/en/stable/errors.html#w1001
WARNING (W1001): Setting Var 'integer[2,2]' to a value `0.5` (float) not in
domain Binary.
    See also https://pyomo.readthedocs.io/en/stable/errors.html#w1001
WARNING (W1001): Setting Var 'integer[3,2]' to a value `0.5` (float) not in
domain Binary.
    See also https://pyomo.readthedocs.io/en/stable/errors.html#w1001
WARNING (W1001): Setting Var 'integer[4,2]' to a value `0.5` (float) not in
domain Binary.
    See also https://pyomo.readthedocs.io/en/stable/errors.html#w1001
WARNING (W1001): Setting Var 'integer[5,2]' to a value `0.5` (float) not in
domain Binary.
    See also https://pyomo.readthedocs.io/en/stable/errors.html#w1001
WARNING (W1001): Setting Var 'integer[6,2]' to a value `0.5` (float) not in
domain Binary.
    See also https://pyomo.readthedocs.io/en/stable/errors.html#w1001
WARNING (W1001): Setting Var 'integer[7,2]' to a value `0.5` (float) not in
domain Binary.
    See also https://pyomo.readthedocs.io/en/stable/errors.html#w1001
WARNING (W1001): Setting Var 'integer[8,2]' to a value `0.5` (float) not in
domain Binary.
    See also https://pyomo.readthedocs.io/en/stable/errors.html#w1001
WARNING (W1001): Setting Var 'integer[9,2]' to a value `0.5` (float) not in
domain Binary.
    See also https://pyomo.readthedocs.io/en/stable/errors.html#w1001
WARNING (W1001): Setting Var 'integer[10,2]' to a value `0.5` (float) not in
domain Binary.
    See also https://pyomo.readthedocs.io/en/stable/errors.html#w1001
WARNING (W1001): Setting Var 'integer[11,2]' to a value `0.5` (float) not in
domain Binary.
    See also https://pyomo.readthedocs.io/en/stable/errors.html#w1001
WARNING (W1001): Setting Var 'integer[12,2]' to a value `0.5` (float) not in
domain Binary.
    See also https://pyomo.readthedocs.io/en/stable/errors.html#w1001
WARNING (W1001): Setting Var 'integer[13,2]' to a value `0.5` (float) not in
domain Binary.
    See also https://pyomo.readthedocs.io/en/stable/errors.html#w1001
WARNING (W1001): Setting Var 'integer[14,2]' to a value `0.5` (float) not in
domain Binary.
    See also https://pyomo.readthedocs.io/en/stable/errors.html#w1001
WARNING (W1001): Setting Var 'integer[15,2]' to a value `0.5` (float) not in
domain Binary.
    See also https://pyomo.readthedocs.io/en/stable/errors.html#w1001
WARNING (W1001): Setting Var 'integer[16,2]' to a value `0.5` (float) not in
domain Binary.
    See also https://pyomo.readthedocs.io/en/stable/errors.html#w1001
WARNING (W1001): Setting Var 'integer[17,2]' to a value `0.5` (float) not in
domain Binary.
    See also https://pyomo.readthedocs.io/en/stable/errors.html#w1001
WARNING (W1001): Setting Var 'integer[18,2]' to a value `0.5` (float) not in
domain Binary.
    See also https://pyomo.readthedocs.io/en/stable/errors.html#w1001
WARNING (W1001): Setting Var 'integer[19,2]' to a value `0.5` (float) not in
domain Binary.
    See also https://pyomo.readthedocs.io/en/stable/errors.html#w1001
WARNING: Loading a SolverResults object with an 'aborted' status, but
containing a solution
Solution time: 1204.632239818573 — status: maxTimeLimit
Timestep:  1
WARNING: Loading a SolverResults object with an 'aborted' status, but
containing a solution
Solution time: 1207.2324290275574 — status: maxTimeLimit
Timestep:  2
WARNING: Loading a SolverResults object with an 'aborted' status, but
containing a solution
Solution time: 1202.8466801643372 — status: maxTimeLimit
Timestep:  3
WARNING: Loading a SolverResults object with an 'aborted' status, but
containing a solution
Solution time: 1201.0249218940735 — status: maxTimeLimit
Timestep:  4
WARNING: Loading a SolverResults object with an 'aborted' status, but
containing a solution
Solution time: 1204.9731290340424 — status: maxTimeLimit
Timestep:  5
WARNING: Loading a SolverResults object with an 'aborted' status, but
containing a solution
Solution time: 1204.4077589511871 — status: maxTimeLimit
Timestep:  6
WARNING: Loading a SolverResults object with an 'aborted' status, but
containing a solution
Solution time: 1205.7768890857697 — status: maxTimeLimit
Timestep:  7
WARNING: Loading a SolverResults object with an 'aborted' status, but
containing a solution
Solution time: 1200.6221251487732 — status: maxTimeLimit
Timestep:  8
WARNING: Loading a SolverResults object with an 'aborted' status, but
containing a solution
Solution time: 1203.7620329856873 — status: maxTimeLimit
Timestep:  9
WARNING: Loading a SolverResults object with an 'aborted' status, but
containing a solution
Solution time: 1202.8327839374542 — status: maxTimeLimit
Timestep:  10
WARNING: Loading a SolverResults object with an 'aborted' status, but
containing a solution
Solution time: 1201.01353597641 — status: maxTimeLimit
Timestep:  11
WARNING: Loading a SolverResults object with an 'aborted' status, but
containing a solution
Solution time: 1203.2860698699951 — status: maxTimeLimit
Timestep:  12
WARNING: Loading a SolverResults object with an 'aborted' status, but
containing a solution
Solution time: 1204.8246340751648 — status: maxTimeLimit
Timestep:  13
WARNING: Loading a SolverResults object with an 'aborted' status, but
containing a solution
Solution time: 1205.3983249664307 — status: maxTimeLimit
Timestep:  14
