===== Starting runs at Thu Oct  9 10:26:18 PM CEST 2025 =====
Running with Ts=300 and nsteps=10

A module that was compiled using NumPy 1.x cannot be run in
NumPy 2.2.0 as it may crash. To support both 1.x and 2.x
versions of NumPy, modules must be compiled with NumPy 2.0.
Some module may need to rebuild instead e.g. with 'pybind11>=2.12'.

If you are a user of the module, the easiest solution will be to
downgrade to 'numpy<2' or try to upgrade the affected module.
We expect that some modules will need time to support NumPy 2.

Traceback (most recent call last):  File "/home/desktop309/git/chiller_staging/MI-DPC/final_code/simulate_chiller.py", line 4, in <module>
    from neuromancer.dynamics import integrators
  File "/home/desktop309/git/.venv/lib/python3.11/site-packages/neuromancer/__init__.py", line 10, in <module>
    from neuromancer import dataset
  File "/home/desktop309/git/.venv/lib/python3.11/site-packages/neuromancer/dataset.py", line 7, in <module>
    import pandas as pd
  File "/home/desktop309/git/.venv/lib/python3.11/site-packages/pandas/__init__.py", line 26, in <module>
    from pandas.compat import (
  File "/home/desktop309/git/.venv/lib/python3.11/site-packages/pandas/compat/__init__.py", line 27, in <module>
    from pandas.compat.pyarrow import (
  File "/home/desktop309/git/.venv/lib/python3.11/site-packages/pandas/compat/pyarrow.py", line 8, in <module>
    import pyarrow as pa
  File "/home/desktop309/git/.venv/lib/python3.11/site-packages/pyarrow/__init__.py", line 65, in <module>
    import pyarrow.lib as _lib
AttributeError: _ARRAY_API not found

A module that was compiled using NumPy 1.x cannot be run in
NumPy 2.2.0 as it may crash. To support both 1.x and 2.x
versions of NumPy, modules must be compiled with NumPy 2.0.
Some module may need to rebuild instead e.g. with 'pybind11>=2.12'.

If you are a user of the module, the easiest solution will be to
downgrade to 'numpy<2' or try to upgrade the affected module.
We expect that some modules will need time to support NumPy 2.

Traceback (most recent call last):  File "/home/desktop309/git/chiller_staging/MI-DPC/final_code/simulate_chiller.py", line 4, in <module>
    from neuromancer.dynamics import integrators
  File "/home/desktop309/git/.venv/lib/python3.11/site-packages/neuromancer/__init__.py", line 10, in <module>
    from neuromancer import dataset
  File "/home/desktop309/git/.venv/lib/python3.11/site-packages/neuromancer/dataset.py", line 7, in <module>
    import pandas as pd
  File "/home/desktop309/git/.venv/lib/python3.11/site-packages/pandas/__init__.py", line 49, in <module>
    from pandas.core.api import (
  File "/home/desktop309/git/.venv/lib/python3.11/site-packages/pandas/core/api.py", line 9, in <module>
    from pandas.core.dtypes.dtypes import (
  File "/home/desktop309/git/.venv/lib/python3.11/site-packages/pandas/core/dtypes/dtypes.py", line 24, in <module>
    from pandas._libs import (
  File "/home/desktop309/git/.venv/lib/python3.11/site-packages/pyarrow/__init__.py", line 65, in <module>
    import pyarrow.lib as _lib
AttributeError: _ARRAY_API not found
Finished run with nsteps=10 at Thu Oct  9 10:26:21 PM CEST 2025
-----------------------------------
Running with Ts=300 and nsteps=20

A module that was compiled using NumPy 1.x cannot be run in
NumPy 2.2.0 as it may crash. To support both 1.x and 2.x
versions of NumPy, modules must be compiled with NumPy 2.0.
Some module may need to rebuild instead e.g. with 'pybind11>=2.12'.

If you are a user of the module, the easiest solution will be to
downgrade to 'numpy<2' or try to upgrade the affected module.
We expect that some modules will need time to support NumPy 2.

Traceback (most recent call last):  File "/home/desktop309/git/chiller_staging/MI-DPC/final_code/simulate_chiller.py", line 4, in <module>
    from neuromancer.dynamics import integrators
  File "/home/desktop309/git/.venv/lib/python3.11/site-packages/neuromancer/__init__.py", line 10, in <module>
    from neuromancer import dataset
  File "/home/desktop309/git/.venv/lib/python3.11/site-packages/neuromancer/dataset.py", line 7, in <module>
    import pandas as pd
  File "/home/desktop309/git/.venv/lib/python3.11/site-packages/pandas/__init__.py", line 26, in <module>
    from pandas.compat import (
  File "/home/desktop309/git/.venv/lib/python3.11/site-packages/pandas/compat/__init__.py", line 27, in <module>
    from pandas.compat.pyarrow import (
  File "/home/desktop309/git/.venv/lib/python3.11/site-packages/pandas/compat/pyarrow.py", line 8, in <module>
    import pyarrow as pa
  File "/home/desktop309/git/.venv/lib/python3.11/site-packages/pyarrow/__init__.py", line 65, in <module>
    import pyarrow.lib as _lib
AttributeError: _ARRAY_API not found

A module that was compiled using NumPy 1.x cannot be run in
NumPy 2.2.0 as it may crash. To support both 1.x and 2.x
versions of NumPy, modules must be compiled with NumPy 2.0.
Some module may need to rebuild instead e.g. with 'pybind11>=2.12'.

If you are a user of the module, the easiest solution will be to
downgrade to 'numpy<2' or try to upgrade the affected module.
We expect that some modules will need time to support NumPy 2.

Traceback (most recent call last):  File "/home/desktop309/git/chiller_staging/MI-DPC/final_code/simulate_chiller.py", line 4, in <module>
    from neuromancer.dynamics import integrators
  File "/home/desktop309/git/.venv/lib/python3.11/site-packages/neuromancer/__init__.py", line 10, in <module>
    from neuromancer import dataset
  File "/home/desktop309/git/.venv/lib/python3.11/site-packages/neuromancer/dataset.py", line 7, in <module>
    import pandas as pd
  File "/home/desktop309/git/.venv/lib/python3.11/site-packages/pandas/__init__.py", line 49, in <module>
    from pandas.core.api import (
  File "/home/desktop309/git/.venv/lib/python3.11/site-packages/pandas/core/api.py", line 9, in <module>
    from pandas.core.dtypes.dtypes import (
  File "/home/desktop309/git/.venv/lib/python3.11/site-packages/pandas/core/dtypes/dtypes.py", line 24, in <module>
    from pandas._libs import (
  File "/home/desktop309/git/.venv/lib/python3.11/site-packages/pyarrow/__init__.py", line 65, in <module>
    import pyarrow.lib as _lib
AttributeError: _ARRAY_API not found
Finished run with nsteps=20 at Thu Oct  9 10:26:24 PM CEST 2025
-----------------------------------
Running with Ts=300 and nsteps=30

A module that was compiled using NumPy 1.x cannot be run in
NumPy 2.2.0 as it may crash. To support both 1.x and 2.x
versions of NumPy, modules must be compiled with NumPy 2.0.
Some module may need to rebuild instead e.g. with 'pybind11>=2.12'.

If you are a user of the module, the easiest solution will be to
downgrade to 'numpy<2' or try to upgrade the affected module.
We expect that some modules will need time to support NumPy 2.

Traceback (most recent call last):  File "/home/desktop309/git/chiller_staging/MI-DPC/final_code/simulate_chiller.py", line 4, in <module>
    from neuromancer.dynamics import integrators
  File "/home/desktop309/git/.venv/lib/python3.11/site-packages/neuromancer/__init__.py", line 10, in <module>
    from neuromancer import dataset
  File "/home/desktop309/git/.venv/lib/python3.11/site-packages/neuromancer/dataset.py", line 7, in <module>
    import pandas as pd
  File "/home/desktop309/git/.venv/lib/python3.11/site-packages/pandas/__init__.py", line 26, in <module>
    from pandas.compat import (
  File "/home/desktop309/git/.venv/lib/python3.11/site-packages/pandas/compat/__init__.py", line 27, in <module>
    from pandas.compat.pyarrow import (
  File "/home/desktop309/git/.venv/lib/python3.11/site-packages/pandas/compat/pyarrow.py", line 8, in <module>
    import pyarrow as pa
  File "/home/desktop309/git/.venv/lib/python3.11/site-packages/pyarrow/__init__.py", line 65, in <module>
    import pyarrow.lib as _lib
AttributeError: _ARRAY_API not found

A module that was compiled using NumPy 1.x cannot be run in
NumPy 2.2.0 as it may crash. To support both 1.x and 2.x
versions of NumPy, modules must be compiled with NumPy 2.0.
Some module may need to rebuild instead e.g. with 'pybind11>=2.12'.

If you are a user of the module, the easiest solution will be to
downgrade to 'numpy<2' or try to upgrade the affected module.
We expect that some modules will need time to support NumPy 2.

Traceback (most recent call last):  File "/home/desktop309/git/chiller_staging/MI-DPC/final_code/simulate_chiller.py", line 4, in <module>
    from neuromancer.dynamics import integrators
  File "/home/desktop309/git/.venv/lib/python3.11/site-packages/neuromancer/__init__.py", line 10, in <module>
    from neuromancer import dataset
  File "/home/desktop309/git/.venv/lib/python3.11/site-packages/neuromancer/dataset.py", line 7, in <module>
    import pandas as pd
  File "/home/desktop309/git/.venv/lib/python3.11/site-packages/pandas/__init__.py", line 49, in <module>
    from pandas.core.api import (
  File "/home/desktop309/git/.venv/lib/python3.11/site-packages/pandas/core/api.py", line 9, in <module>
    from pandas.core.dtypes.dtypes import (
  File "/home/desktop309/git/.venv/lib/python3.11/site-packages/pandas/core/dtypes/dtypes.py", line 24, in <module>
    from pandas._libs import (
  File "/home/desktop309/git/.venv/lib/python3.11/site-packages/pyarrow/__init__.py", line 65, in <module>
    import pyarrow.lib as _lib
AttributeError: _ARRAY_API not found
Finished run with nsteps=30 at Thu Oct  9 10:26:27 PM CEST 2025
-----------------------------------
Running with Ts=300 and nsteps=40

A module that was compiled using NumPy 1.x cannot be run in
NumPy 2.2.0 as it may crash. To support both 1.x and 2.x
versions of NumPy, modules must be compiled with NumPy 2.0.
Some module may need to rebuild instead e.g. with 'pybind11>=2.12'.

If you are a user of the module, the easiest solution will be to
downgrade to 'numpy<2' or try to upgrade the affected module.
We expect that some modules will need time to support NumPy 2.

Traceback (most recent call last):  File "/home/desktop309/git/chiller_staging/MI-DPC/final_code/simulate_chiller.py", line 4, in <module>
    from neuromancer.dynamics import integrators
  File "/home/desktop309/git/.venv/lib/python3.11/site-packages/neuromancer/__init__.py", line 10, in <module>
    from neuromancer import dataset
  File "/home/desktop309/git/.venv/lib/python3.11/site-packages/neuromancer/dataset.py", line 7, in <module>
    import pandas as pd
  File "/home/desktop309/git/.venv/lib/python3.11/site-packages/pandas/__init__.py", line 26, in <module>
    from pandas.compat import (
  File "/home/desktop309/git/.venv/lib/python3.11/site-packages/pandas/compat/__init__.py", line 27, in <module>
    from pandas.compat.pyarrow import (
  File "/home/desktop309/git/.venv/lib/python3.11/site-packages/pandas/compat/pyarrow.py", line 8, in <module>
    import pyarrow as pa
  File "/home/desktop309/git/.venv/lib/python3.11/site-packages/pyarrow/__init__.py", line 65, in <module>
    import pyarrow.lib as _lib
AttributeError: _ARRAY_API not found

A module that was compiled using NumPy 1.x cannot be run in
NumPy 2.2.0 as it may crash. To support both 1.x and 2.x
versions of NumPy, modules must be compiled with NumPy 2.0.
Some module may need to rebuild instead e.g. with 'pybind11>=2.12'.

If you are a user of the module, the easiest solution will be to
downgrade to 'numpy<2' or try to upgrade the affected module.
We expect that some modules will need time to support NumPy 2.

Traceback (most recent call last):  File "/home/desktop309/git/chiller_staging/MI-DPC/final_code/simulate_chiller.py", line 4, in <module>
    from neuromancer.dynamics import integrators
  File "/home/desktop309/git/.venv/lib/python3.11/site-packages/neuromancer/__init__.py", line 10, in <module>
    from neuromancer import dataset
  File "/home/desktop309/git/.venv/lib/python3.11/site-packages/neuromancer/dataset.py", line 7, in <module>
    import pandas as pd
  File "/home/desktop309/git/.venv/lib/python3.11/site-packages/pandas/__init__.py", line 49, in <module>
    from pandas.core.api import (
  File "/home/desktop309/git/.venv/lib/python3.11/site-packages/pandas/core/api.py", line 9, in <module>
    from pandas.core.dtypes.dtypes import (
  File "/home/desktop309/git/.venv/lib/python3.11/site-packages/pandas/core/dtypes/dtypes.py", line 24, in <module>
    from pandas._libs import (
  File "/home/desktop309/git/.venv/lib/python3.11/site-packages/pyarrow/__init__.py", line 65, in <module>
    import pyarrow.lib as _lib
AttributeError: _ARRAY_API not found
Finished run with nsteps=40 at Thu Oct  9 10:26:30 PM CEST 2025
-----------------------------------
Running with Ts=300 and nsteps=50

A module that was compiled using NumPy 1.x cannot be run in
NumPy 2.2.0 as it may crash. To support both 1.x and 2.x
versions of NumPy, modules must be compiled with NumPy 2.0.
Some module may need to rebuild instead e.g. with 'pybind11>=2.12'.

If you are a user of the module, the easiest solution will be to
downgrade to 'numpy<2' or try to upgrade the affected module.
We expect that some modules will need time to support NumPy 2.

Traceback (most recent call last):  File "/home/desktop309/git/chiller_staging/MI-DPC/final_code/simulate_chiller.py", line 4, in <module>
    from neuromancer.dynamics import integrators
  File "/home/desktop309/git/.venv/lib/python3.11/site-packages/neuromancer/__init__.py", line 10, in <module>
    from neuromancer import dataset
  File "/home/desktop309/git/.venv/lib/python3.11/site-packages/neuromancer/dataset.py", line 7, in <module>
    import pandas as pd
  File "/home/desktop309/git/.venv/lib/python3.11/site-packages/pandas/__init__.py", line 26, in <module>
    from pandas.compat import (
  File "/home/desktop309/git/.venv/lib/python3.11/site-packages/pandas/compat/__init__.py", line 27, in <module>
    from pandas.compat.pyarrow import (
  File "/home/desktop309/git/.venv/lib/python3.11/site-packages/pandas/compat/pyarrow.py", line 8, in <module>
    import pyarrow as pa
  File "/home/desktop309/git/.venv/lib/python3.11/site-packages/pyarrow/__init__.py", line 65, in <module>
    import pyarrow.lib as _lib
AttributeError: _ARRAY_API not found

A module that was compiled using NumPy 1.x cannot be run in
NumPy 2.2.0 as it may crash. To support both 1.x and 2.x
versions of NumPy, modules must be compiled with NumPy 2.0.
Some module may need to rebuild instead e.g. with 'pybind11>=2.12'.

If you are a user of the module, the easiest solution will be to
downgrade to 'numpy<2' or try to upgrade the affected module.
We expect that some modules will need time to support NumPy 2.

Traceback (most recent call last):  File "/home/desktop309/git/chiller_staging/MI-DPC/final_code/simulate_chiller.py", line 4, in <module>
    from neuromancer.dynamics import integrators
  File "/home/desktop309/git/.venv/lib/python3.11/site-packages/neuromancer/__init__.py", line 10, in <module>
    from neuromancer import dataset
  File "/home/desktop309/git/.venv/lib/python3.11/site-packages/neuromancer/dataset.py", line 7, in <module>
    import pandas as pd
  File "/home/desktop309/git/.venv/lib/python3.11/site-packages/pandas/__init__.py", line 49, in <module>
    from pandas.core.api import (
  File "/home/desktop309/git/.venv/lib/python3.11/site-packages/pandas/core/api.py", line 9, in <module>
    from pandas.core.dtypes.dtypes import (
  File "/home/desktop309/git/.venv/lib/python3.11/site-packages/pandas/core/dtypes/dtypes.py", line 24, in <module>
    from pandas._libs import (
  File "/home/desktop309/git/.venv/lib/python3.11/site-packages/pyarrow/__init__.py", line 65, in <module>
    import pyarrow.lib as _lib
AttributeError: _ARRAY_API not found
Finished run with nsteps=50 at Thu Oct  9 10:26:33 PM CEST 2025
-----------------------------------
Running with Ts=300 and nsteps=60

A module that was compiled using NumPy 1.x cannot be run in
NumPy 2.2.0 as it may crash. To support both 1.x and 2.x
versions of NumPy, modules must be compiled with NumPy 2.0.
Some module may need to rebuild instead e.g. with 'pybind11>=2.12'.

If you are a user of the module, the easiest solution will be to
downgrade to 'numpy<2' or try to upgrade the affected module.
We expect that some modules will need time to support NumPy 2.

Traceback (most recent call last):  File "/home/desktop309/git/chiller_staging/MI-DPC/final_code/simulate_chiller.py", line 4, in <module>
    from neuromancer.dynamics import integrators
  File "/home/desktop309/git/.venv/lib/python3.11/site-packages/neuromancer/__init__.py", line 10, in <module>
    from neuromancer import dataset
  File "/home/desktop309/git/.venv/lib/python3.11/site-packages/neuromancer/dataset.py", line 7, in <module>
    import pandas as pd
  File "/home/desktop309/git/.venv/lib/python3.11/site-packages/pandas/__init__.py", line 26, in <module>
    from pandas.compat import (
  File "/home/desktop309/git/.venv/lib/python3.11/site-packages/pandas/compat/__init__.py", line 27, in <module>
    from pandas.compat.pyarrow import (
  File "/home/desktop309/git/.venv/lib/python3.11/site-packages/pandas/compat/pyarrow.py", line 8, in <module>
    import pyarrow as pa
  File "/home/desktop309/git/.venv/lib/python3.11/site-packages/pyarrow/__init__.py", line 65, in <module>
    import pyarrow.lib as _lib
AttributeError: _ARRAY_API not found

A module that was compiled using NumPy 1.x cannot be run in
NumPy 2.2.0 as it may crash. To support both 1.x and 2.x
versions of NumPy, modules must be compiled with NumPy 2.0.
Some module may need to rebuild instead e.g. with 'pybind11>=2.12'.

If you are a user of the module, the easiest solution will be to
downgrade to 'numpy<2' or try to upgrade the affected module.
We expect that some modules will need time to support NumPy 2.

Traceback (most recent call last):  File "/home/desktop309/git/chiller_staging/MI-DPC/final_code/simulate_chiller.py", line 4, in <module>
    from neuromancer.dynamics import integrators
  File "/home/desktop309/git/.venv/lib/python3.11/site-packages/neuromancer/__init__.py", line 10, in <module>
    from neuromancer import dataset
  File "/home/desktop309/git/.venv/lib/python3.11/site-packages/neuromancer/dataset.py", line 7, in <module>
    import pandas as pd
  File "/home/desktop309/git/.venv/lib/python3.11/site-packages/pandas/__init__.py", line 49, in <module>
    from pandas.core.api import (
  File "/home/desktop309/git/.venv/lib/python3.11/site-packages/pandas/core/api.py", line 9, in <module>
    from pandas.core.dtypes.dtypes import (
  File "/home/desktop309/git/.venv/lib/python3.11/site-packages/pandas/core/dtypes/dtypes.py", line 24, in <module>
    from pandas._libs import (
  File "/home/desktop309/git/.venv/lib/python3.11/site-packages/pyarrow/__init__.py", line 65, in <module>
    import pyarrow.lib as _lib
AttributeError: _ARRAY_API not found
Finished run with nsteps=60 at Thu Oct  9 10:26:36 PM CEST 2025
-----------------------------------
Running with Ts=300 and nsteps=70

A module that was compiled using NumPy 1.x cannot be run in
NumPy 2.2.0 as it may crash. To support both 1.x and 2.x
versions of NumPy, modules must be compiled with NumPy 2.0.
Some module may need to rebuild instead e.g. with 'pybind11>=2.12'.

If you are a user of the module, the easiest solution will be to
downgrade to 'numpy<2' or try to upgrade the affected module.
We expect that some modules will need time to support NumPy 2.

Traceback (most recent call last):  File "/home/desktop309/git/chiller_staging/MI-DPC/final_code/simulate_chiller.py", line 4, in <module>
    from neuromancer.dynamics import integrators
  File "/home/desktop309/git/.venv/lib/python3.11/site-packages/neuromancer/__init__.py", line 10, in <module>
    from neuromancer import dataset
  File "/home/desktop309/git/.venv/lib/python3.11/site-packages/neuromancer/dataset.py", line 7, in <module>
    import pandas as pd
  File "/home/desktop309/git/.venv/lib/python3.11/site-packages/pandas/__init__.py", line 26, in <module>
    from pandas.compat import (
  File "/home/desktop309/git/.venv/lib/python3.11/site-packages/pandas/compat/__init__.py", line 27, in <module>
    from pandas.compat.pyarrow import (
  File "/home/desktop309/git/.venv/lib/python3.11/site-packages/pandas/compat/pyarrow.py", line 8, in <module>
    import pyarrow as pa
  File "/home/desktop309/git/.venv/lib/python3.11/site-packages/pyarrow/__init__.py", line 65, in <module>
    import pyarrow.lib as _lib
AttributeError: _ARRAY_API not found

A module that was compiled using NumPy 1.x cannot be run in
NumPy 2.2.0 as it may crash. To support both 1.x and 2.x
versions of NumPy, modules must be compiled with NumPy 2.0.
Some module may need to rebuild instead e.g. with 'pybind11>=2.12'.

If you are a user of the module, the easiest solution will be to
downgrade to 'numpy<2' or try to upgrade the affected module.
We expect that some modules will need time to support NumPy 2.

Traceback (most recent call last):  File "/home/desktop309/git/chiller_staging/MI-DPC/final_code/simulate_chiller.py", line 4, in <module>
    from neuromancer.dynamics import integrators
  File "/home/desktop309/git/.venv/lib/python3.11/site-packages/neuromancer/__init__.py", line 10, in <module>
    from neuromancer import dataset
  File "/home/desktop309/git/.venv/lib/python3.11/site-packages/neuromancer/dataset.py", line 7, in <module>
    import pandas as pd
  File "/home/desktop309/git/.venv/lib/python3.11/site-packages/pandas/__init__.py", line 49, in <module>
    from pandas.core.api import (
  File "/home/desktop309/git/.venv/lib/python3.11/site-packages/pandas/core/api.py", line 9, in <module>
    from pandas.core.dtypes.dtypes import (
  File "/home/desktop309/git/.venv/lib/python3.11/site-packages/pandas/core/dtypes/dtypes.py", line 24, in <module>
    from pandas._libs import (
  File "/home/desktop309/git/.venv/lib/python3.11/site-packages/pyarrow/__init__.py", line 65, in <module>
    import pyarrow.lib as _lib
AttributeError: _ARRAY_API not found
Finished run with nsteps=70 at Thu Oct  9 10:26:39 PM CEST 2025
-----------------------------------
Running with Ts=300 and nsteps=80

A module that was compiled using NumPy 1.x cannot be run in
NumPy 2.2.0 as it may crash. To support both 1.x and 2.x
versions of NumPy, modules must be compiled with NumPy 2.0.
Some module may need to rebuild instead e.g. with 'pybind11>=2.12'.

If you are a user of the module, the easiest solution will be to
downgrade to 'numpy<2' or try to upgrade the affected module.
We expect that some modules will need time to support NumPy 2.

Traceback (most recent call last):  File "/home/desktop309/git/chiller_staging/MI-DPC/final_code/simulate_chiller.py", line 4, in <module>
    from neuromancer.dynamics import integrators
  File "/home/desktop309/git/.venv/lib/python3.11/site-packages/neuromancer/__init__.py", line 10, in <module>
    from neuromancer import dataset
  File "/home/desktop309/git/.venv/lib/python3.11/site-packages/neuromancer/dataset.py", line 7, in <module>
    import pandas as pd
  File "/home/desktop309/git/.venv/lib/python3.11/site-packages/pandas/__init__.py", line 26, in <module>
    from pandas.compat import (
  File "/home/desktop309/git/.venv/lib/python3.11/site-packages/pandas/compat/__init__.py", line 27, in <module>
    from pandas.compat.pyarrow import (
  File "/home/desktop309/git/.venv/lib/python3.11/site-packages/pandas/compat/pyarrow.py", line 8, in <module>
    import pyarrow as pa
  File "/home/desktop309/git/.venv/lib/python3.11/site-packages/pyarrow/__init__.py", line 65, in <module>
    import pyarrow.lib as _lib
AttributeError: _ARRAY_API not found

A module that was compiled using NumPy 1.x cannot be run in
NumPy 2.2.0 as it may crash. To support both 1.x and 2.x
versions of NumPy, modules must be compiled with NumPy 2.0.
Some module may need to rebuild instead e.g. with 'pybind11>=2.12'.

If you are a user of the module, the easiest solution will be to
downgrade to 'numpy<2' or try to upgrade the affected module.
We expect that some modules will need time to support NumPy 2.

Traceback (most recent call last):  File "/home/desktop309/git/chiller_staging/MI-DPC/final_code/simulate_chiller.py", line 4, in <module>
    from neuromancer.dynamics import integrators
  File "/home/desktop309/git/.venv/lib/python3.11/site-packages/neuromancer/__init__.py", line 10, in <module>
    from neuromancer import dataset
  File "/home/desktop309/git/.venv/lib/python3.11/site-packages/neuromancer/dataset.py", line 7, in <module>
    import pandas as pd
  File "/home/desktop309/git/.venv/lib/python3.11/site-packages/pandas/__init__.py", line 49, in <module>
    from pandas.core.api import (
  File "/home/desktop309/git/.venv/lib/python3.11/site-packages/pandas/core/api.py", line 9, in <module>
    from pandas.core.dtypes.dtypes import (
  File "/home/desktop309/git/.venv/lib/python3.11/site-packages/pandas/core/dtypes/dtypes.py", line 24, in <module>
    from pandas._libs import (
  File "/home/desktop309/git/.venv/lib/python3.11/site-packages/pyarrow/__init__.py", line 65, in <module>
    import pyarrow.lib as _lib
AttributeError: _ARRAY_API not found
Finished run with nsteps=80 at Thu Oct  9 10:26:41 PM CEST 2025
-----------------------------------
===== All runs completed at Thu Oct  9 10:26:41 PM CEST 2025 =====
